TN:
SF:src\controllers\candle.controller.ts
FN:16,(anonymous_7)
FN:39,(anonymous_9)
FN:65,(anonymous_11)
FN:80,(anonymous_13)
FN:109,(anonymous_15)
FNF:5
FNH:5
FNDA:2,(anonymous_7)
FNDA:2,(anonymous_9)
FNDA:1,(anonymous_11)
FNDA:2,(anonymous_13)
FNDA:2,(anonymous_15)
DA:11,12
DA:17,2
DA:20,2
DA:25,0
DA:28,2
DA:29,1
DA:30,1
DA:34,1
DA:40,2
DA:42,2
DA:46,2
DA:49,1
DA:50,1
DA:53,1
DA:57,0
DA:60,1
DA:66,1
DA:69,1
DA:72,0
DA:75,1
DA:81,2
DA:83,2
DA:87,2
DA:93,1
DA:94,1
DA:97,1
DA:101,0
DA:104,1
DA:110,2
DA:112,2
DA:116,2
DA:119,1
DA:120,1
DA:123,1
DA:127,0
DA:130,1
DA:136,12
LF:37
LH:32
BRDA:28,0,0,1
BRDA:49,1,0,1
BRDA:93,2,0,1
BRDA:119,3,0,1
BRF:4
BRH:4
end_of_record
TN:
SF:src\controllers\cart.controller.ts
FN:10,(anonymous_7)
FN:28,(anonymous_9)
FN:50,(anonymous_11)
FN:65,(anonymous_13)
FN:90,(anonymous_15)
FNF:5
FNH:5
FNDA:1,(anonymous_7)
FNDA:2,(anonymous_9)
FNDA:1,(anonymous_11)
FNDA:2,(anonymous_13)
FNDA:2,(anonymous_15)
DA:5,12
DA:12,1
DA:14,1
DA:18,0
DA:22,1
DA:23,1
DA:30,2
DA:32,2
DA:34,2
DA:36,1
DA:37,1
DA:38,1
DA:41,0
DA:45,1
DA:52,1
DA:54,1
DA:56,0
DA:60,1
DA:67,2
DA:69,2
DA:71,2
DA:76,1
DA:77,1
DA:78,1
DA:81,0
DA:85,1
DA:92,2
DA:94,2
DA:96,2
DA:98,1
DA:99,1
DA:100,1
DA:103,0
DA:107,1
DA:113,12
LF:35
LH:30
BRDA:36,0,0,1
BRDA:76,1,0,1
BRDA:98,2,0,1
BRF:3
BRH:3
end_of_record
TN:
SF:src\controllers\container.controller.ts
FN:10,(anonymous_8)
FN:38,(anonymous_10)
FN:58,(anonymous_12)
FN:71,(anonymous_14)
FN:94,(anonymous_16)
FNF:5
FNH:5
FNDA:2,(anonymous_8)
FNDA:2,(anonymous_10)
FNDA:1,(anonymous_12)
FNDA:2,(anonymous_14)
FNDA:2,(anonymous_16)
DA:5,12
DA:11,2
DA:13,2
DA:15,2
DA:18,2
DA:25,1
DA:28,1
DA:29,0
DA:30,0
DA:33,1
DA:39,2
DA:41,2
DA:43,2
DA:45,1
DA:46,1
DA:47,1
DA:50,0
DA:53,1
DA:59,1
DA:61,1
DA:63,0
DA:66,1
DA:72,2
DA:74,2
DA:76,2
DA:81,1
DA:82,1
DA:83,1
DA:86,0
DA:89,1
DA:95,2
DA:97,2
DA:99,2
DA:101,1
DA:102,1
DA:103,1
DA:106,0
DA:109,1
DA:115,12
LF:39
LH:33
BRDA:28,0,0,0
BRDA:45,1,0,1
BRDA:81,2,0,1
BRDA:101,3,0,1
BRF:4
BRH:3
end_of_record
TN:
SF:src\controllers\fragrance.controller.ts
FN:10,(anonymous_7)
FN:30,(anonymous_9)
FN:50,(anonymous_11)
FN:63,(anonymous_13)
FN:86,(anonymous_15)
FNF:5
FNH:5
FNDA:1,(anonymous_7)
FNDA:1,(anonymous_9)
FNDA:1,(anonymous_11)
FNDA:2,(anonymous_13)
FNDA:2,(anonymous_15)
DA:5,12
DA:11,1
DA:13,1
DA:17,0
DA:20,1
DA:21,1
DA:22,1
DA:25,0
DA:31,1
DA:33,1
DA:35,1
DA:36,1
DA:38,1
DA:39,1
DA:42,0
DA:45,0
DA:51,1
DA:53,1
DA:55,0
DA:58,1
DA:64,2
DA:66,2
DA:67,2
DA:72,1
DA:74,1
DA:75,1
DA:78,0
DA:81,1
DA:87,2
DA:89,2
DA:91,2
DA:92,1
DA:94,1
DA:95,1
DA:98,0
DA:101,1
DA:107,12
LF:37
LH:30
BRDA:20,0,0,1
BRDA:36,1,0,1
BRDA:72,2,0,1
BRDA:92,3,0,1
BRF:4
BRH:4
end_of_record
TN:
SF:src\controllers\gift.controller.ts
FN:10,(anonymous_7)
FN:28,(anonymous_9)
FN:48,(anonymous_11)
FN:61,(anonymous_13)
FN:84,(anonymous_15)
FNF:5
FNH:5
FNDA:1,(anonymous_7)
FNDA:1,(anonymous_9)
FNDA:1,(anonymous_11)
FNDA:2,(anonymous_13)
FNDA:2,(anonymous_15)
DA:5,12
DA:11,1
DA:13,1
DA:15,0
DA:18,1
DA:19,1
DA:20,1
DA:23,0
DA:29,1
DA:31,1
DA:33,1
DA:35,1
DA:36,1
DA:37,1
DA:40,0
DA:43,0
DA:49,1
DA:51,1
DA:53,0
DA:56,1
DA:62,2
DA:64,2
DA:66,2
DA:71,1
DA:72,1
DA:73,1
DA:76,0
DA:79,1
DA:85,2
DA:87,2
DA:89,2
DA:91,1
DA:92,1
DA:93,1
DA:96,0
DA:99,1
DA:105,12
LF:37
LH:30
BRDA:18,0,0,1
BRDA:35,1,0,1
BRDA:71,2,0,1
BRDA:91,3,0,1
BRF:4
BRH:4
end_of_record
TN:
SF:src\controllers\index.ts
FNF:0
FNH:0
DA:1,12
DA:2,12
DA:3,12
DA:4,12
DA:5,12
DA:6,12
LF:6
LH:6
BRF:0
BRH:0
end_of_record
TN:
SF:src\controllers\user.controller.ts
FN:11,(anonymous_7)
FN:31,(anonymous_9)
FN:49,(anonymous_11)
FN:61,(anonymous_13)
FN:82,(anonymous_15)
FN:101,(anonymous_17)
FNF:6
FNH:4
FNDA:3,(anonymous_7)
FNDA:1,(anonymous_9)
FNDA:0,(anonymous_11)
FNDA:0,(anonymous_13)
FNDA:2,(anonymous_15)
FNDA:4,(anonymous_17)
DA:5,12
DA:6,12
DA:12,3
DA:14,3
DA:18,1
DA:21,2
DA:22,1
DA:23,1
DA:26,1
DA:32,1
DA:33,1
DA:34,1
DA:35,1
DA:37,0
DA:38,0
DA:41,1
DA:44,0
DA:50,0
DA:51,0
DA:53,0
DA:56,0
DA:62,0
DA:63,0
DA:64,0
DA:68,0
DA:70,0
DA:71,0
DA:74,0
DA:77,0
DA:83,2
DA:84,2
DA:85,2
DA:86,2
DA:87,1
DA:89,1
DA:90,1
DA:93,0
DA:96,1
DA:102,4
DA:103,4
DA:105,2
DA:108,2
DA:109,1
DA:110,1
DA:113,1
DA:119,12
LF:46
LH:30
BRDA:21,0,0,1
BRDA:35,1,0,0
BRDA:68,2,0,0
BRDA:87,3,0,1
BRDA:108,4,0,1
BRF:5
BRH:3
end_of_record
TN:
SF:src\exceptions\auth.exception.ts
FN:2,(anonymous_0)
FNF:1
FNH:1
FNDA:3,(anonymous_0)
DA:2,18
DA:4,3
DA:7,3
LF:3
LH:3
BRF:0
BRH:0
end_of_record
TN:
SF:src\exceptions\index.ts
FNF:0
FNH:0
DA:1,18
LF:1
LH:1
BRF:0
BRH:0
end_of_record
TN:
SF:src\middlewares\auth.middleware.ts
FN:5,(anonymous_9)
FN:34,(anonymous_10)
FN:35,(anonymous_11)
FN:38,(anonymous_12)
FNF:4
FNH:4
FNDA:20,(anonymous_9)
FNDA:31,(anonymous_10)
FNDA:8,(anonymous_11)
FNDA:9,(anonymous_12)
DA:2,6
DA:5,6
DA:6,20
DA:8,20
DA:10,12
DA:11,12
DA:14,8
DA:16,8
DA:18,8
DA:20,8
DA:21,8
DA:24,0
DA:25,0
DA:26,0
DA:29,0
DA:34,6
DA:35,31
DA:36,8
DA:38,9
DA:40,6
DA:41,6
DA:43,2
LF:22
LH:18
BRDA:8,0,0,12
BRDA:18,1,0,8
BRDA:18,1,1,8
BRDA:24,2,0,0
BRDA:38,3,0,6
BRF:5
BRH:4
end_of_record
TN:
SF:src\middlewares\index.ts
FNF:0
FNH:0
DA:1,6
DA:2,6
LF:2
LH:2
BRF:0
BRH:0
end_of_record
TN:
SF:src\middlewares\validateSchema.middleware.ts
FN:8,(anonymous_7)
FN:10,(anonymous_8)
FN:10,(anonymous_9)
FNF:3
FNH:3
FNDA:12,(anonymous_7)
FNDA:2,(anonymous_8)
FNDA:2,(anonymous_9)
DA:8,6
DA:10,12
DA:11,2
DA:13,2
DA:15,1
DA:18,1
LF:6
LH:6
BRF:0
BRH:0
end_of_record
TN:
SF:src\models\candle.model.ts
FNF:0
FNH:0
DA:2,20
DA:21,20
DA:55,20
LF:3
LH:3
BRF:0
BRH:0
end_of_record
TN:
SF:src\models\cart.model.ts
FNF:0
FNH:0
DA:2,20
DA:17,20
DA:57,20
LF:3
LH:3
BRF:0
BRH:0
end_of_record
TN:
SF:src\models\container.model.ts
FNF:0
FNH:0
DA:2,20
DA:19,20
DA:41,20
LF:3
LH:3
BRF:0
BRH:0
end_of_record
TN:
SF:src\models\fragrance.model.ts
FNF:0
FNH:0
DA:2,20
DA:19,20
DA:33,20
LF:3
LH:3
BRF:0
BRH:0
end_of_record
TN:
SF:src\models\gift.model.ts
FNF:0
FNH:0
DA:2,20
DA:22,20
DA:38,20
LF:3
LH:3
BRF:0
BRH:0
end_of_record
TN:
SF:src\models\index.ts
FNF:0
FNH:0
DA:1,19
DA:2,19
DA:3,19
DA:4,19
DA:5,19
DA:6,19
LF:6
LH:6
BRF:0
BRH:0
end_of_record
TN:
SF:src\models\user.model.ts
FNF:0
FNH:0
DA:2,19
DA:19,19
DA:37,19
LF:3
LH:3
BRF:0
BRH:0
end_of_record
TN:
SF:src\routes\candle.route.ts
FNF:0
FNH:0
DA:2,1
DA:5,1
DA:8,1
DA:11,1
DA:14,1
DA:18,1
DA:27,1
DA:37,1
DA:46,1
DA:56,1
LF:10
LH:10
BRF:0
BRH:0
end_of_record
TN:
SF:src\routes\cart.route.ts
FNF:0
FNH:0
DA:2,1
DA:5,1
DA:8,1
DA:11,1
DA:14,1
DA:18,1
DA:27,1
DA:37,1
DA:46,1
DA:56,1
LF:10
LH:10
BRF:0
BRH:0
end_of_record
TN:
SF:src\routes\container.route.ts
FNF:0
FNH:0
DA:2,1
DA:5,1
DA:8,1
DA:11,1
DA:14,1
DA:18,1
DA:27,1
DA:37,1
DA:46,1
DA:56,1
LF:10
LH:10
BRF:0
BRH:0
end_of_record
TN:
SF:src\routes\fragrance.route.ts
FNF:0
FNH:0
DA:2,1
DA:5,1
DA:8,1
DA:11,1
DA:14,1
DA:18,1
DA:27,1
DA:37,1
DA:46,1
DA:56,1
LF:10
LH:10
BRF:0
BRH:0
end_of_record
TN:
SF:src\routes\gift.route.ts
FNF:0
FNH:0
DA:2,1
DA:5,1
DA:8,1
DA:11,1
DA:14,1
DA:18,1
DA:27,1
DA:37,1
DA:46,1
DA:56,1
LF:10
LH:10
BRF:0
BRH:0
end_of_record
TN:
SF:src\routes\user.route.ts
FNF:0
FNH:0
DA:2,1
DA:4,1
DA:6,1
DA:8,1
DA:11,1
DA:14,1
DA:17,1
DA:26,1
DA:34,1
DA:42,1
DA:45,1
DA:53,1
LF:12
LH:12
BRF:0
BRH:0
end_of_record
TN:
SF:src\schemas\candle.schema.ts
FN:28,(anonymous_0)
FNF:1
FNH:1
FNDA:1,(anonymous_0)
DA:2,8
DA:5,8
DA:28,1
LF:3
LH:3
BRF:0
BRH:0
end_of_record
TN:
SF:src\schemas\cart.schema.ts
FNF:0
FNH:0
DA:2,8
DA:6,8
DA:19,8
DA:33,8
LF:4
LH:4
BRF:0
BRH:0
end_of_record
TN:
SF:src\schemas\container.schema.ts
FNF:0
FNH:0
DA:2,8
DA:5,8
LF:2
LH:2
BRF:0
BRH:0
end_of_record
TN:
SF:src\schemas\fragrance.schema.ts
FNF:0
FNH:0
DA:2,8
DA:5,8
LF:2
LH:2
BRF:0
BRH:0
end_of_record
TN:
SF:src\schemas\gift.schema.ts
FNF:0
FNH:0
DA:2,8
DA:5,8
LF:2
LH:2
BRF:0
BRH:0
end_of_record
TN:
SF:src\schemas\index.ts
FNF:0
FNH:0
DA:1,7
DA:2,7
DA:3,7
DA:4,7
DA:5,7
DA:6,7
DA:7,7
LF:7
LH:7
BRF:0
BRH:0
end_of_record
TN:
SF:src\schemas\login.schema.ts
FNF:0
FNH:0
DA:2,7
DA:5,7
LF:2
LH:2
BRF:0
BRH:0
end_of_record
TN:
SF:src\schemas\user.schema.ts
FN:28,(anonymous_0)
FNF:1
FNH:1
FNDA:2,(anonymous_0)
DA:2,7
DA:5,7
DA:28,2
LF:3
LH:3
BRF:0
BRH:0
end_of_record
TN:
SF:src\services\candle.service.ts
FN:12,(anonymous_7)
FN:38,(anonymous_9)
FN:60,(anonymous_11)
FN:73,(anonymous_13)
FN:93,(anonymous_15)
FNF:5
FNH:4
FNDA:2,(anonymous_7)
FNDA:2,(anonymous_9)
FNDA:0,(anonymous_11)
FNDA:2,(anonymous_13)
FNDA:2,(anonymous_15)
DA:2,18
DA:7,18
DA:15,2
DA:17,2
DA:18,2
DA:21,1
DA:22,1
DA:25,1
DA:26,1
DA:29,1
DA:30,1
DA:33,1
DA:41,2
DA:43,2
DA:44,2
DA:46,1
DA:49,1
DA:51,1
DA:55,1
DA:61,0
DA:64,0
DA:65,0
DA:68,0
DA:77,2
DA:79,2
DA:84,2
DA:85,1
DA:88,1
DA:94,2
DA:96,2
DA:99,2
DA:100,1
DA:103,1
DA:109,18
LF:34
LH:30
BRDA:18,0,0,1
BRDA:22,1,0,0
BRDA:26,2,0,0
BRDA:44,3,0,1
BRDA:44,3,1,1
BRDA:84,4,0,1
BRDA:99,5,0,1
BRF:7
BRH:5
end_of_record
TN:
SF:src\services\cart.service.ts
FN:8,(anonymous_7)
FN:46,(anonymous_9)
FN:58,(anonymous_11)
FN:70,(anonymous_13)
FN:111,(anonymous_15)
FNF:5
FNH:3
FNDA:2,(anonymous_7)
FNDA:0,(anonymous_9)
FNDA:0,(anonymous_11)
FNDA:2,(anonymous_13)
FNDA:2,(anonymous_15)
DA:2,18
DA:4,18
DA:9,2
DA:11,2
DA:12,2
DA:13,1
DA:17,1
DA:18,1
DA:21,1
DA:22,0
DA:27,1
DA:28,0
DA:29,0
DA:30,0
DA:31,0
DA:37,1
DA:38,1
DA:41,1
DA:47,0
DA:49,0
DA:50,0
DA:53,0
DA:59,0
DA:61,0
DA:62,0
DA:65,0
DA:74,2
DA:76,2
DA:77,2
DA:78,2
DA:81,2
DA:82,1
DA:88,1
DA:89,0
DA:90,0
DA:91,0
DA:92,0
DA:98,1
DA:103,1
DA:106,1
DA:112,2
DA:114,2
DA:115,2
DA:118,0
DA:124,18
LF:45
LH:27
BRDA:12,0,0,1
BRDA:21,1,0,0
BRDA:27,2,0,0
BRDA:30,3,0,0
BRDA:76,4,0,2
BRDA:81,5,0,1
BRDA:88,6,0,0
BRDA:91,7,0,0
BRF:8
BRH:3
end_of_record
TN:
SF:src\services\container.service.ts
FN:7,(anonymous_7)
FN:26,(anonymous_9)
FN:38,(anonymous_11)
FN:50,(anonymous_13)
FN:62,(anonymous_15)
FN:78,(anonymous_17)
FNF:6
FNH:6
FNDA:1,(anonymous_7)
FNDA:1,(anonymous_9)
FNDA:1,(anonymous_11)
FNDA:2,(anonymous_13)
FNDA:2,(anonymous_15)
FNDA:2,(anonymous_17)
DA:2,18
DA:8,1
DA:10,1
DA:11,0
DA:13,0
DA:17,0
DA:18,0
DA:21,1
DA:27,1
DA:29,1
DA:30,0
DA:33,1
DA:39,1
DA:41,1
DA:42,1
DA:45,0
DA:51,2
DA:53,2
DA:54,2
DA:57,0
DA:63,2
DA:65,2
DA:70,2
DA:73,0
DA:79,2
DA:81,2
DA:82,2
DA:85,0
DA:91,18
LF:29
LH:20
BRDA:11,0,0,0
BRF:1
BRH:0
end_of_record
TN:
SF:src\services\fragrance.service.ts
FN:7,(anonymous_7)
FN:26,(anonymous_9)
FN:38,(anonymous_11)
FN:50,(anonymous_13)
FN:62,(anonymous_15)
FN:78,(anonymous_17)
FNF:6
FNH:6
FNDA:1,(anonymous_7)
FNDA:1,(anonymous_9)
FNDA:1,(anonymous_11)
FNDA:1,(anonymous_13)
FNDA:1,(anonymous_15)
FNDA:1,(anonymous_17)
DA:2,18
DA:8,1
DA:10,1
DA:11,0
DA:13,0
DA:17,0
DA:18,0
DA:21,1
DA:27,1
DA:29,1
DA:30,0
DA:33,1
DA:39,1
DA:41,1
DA:42,1
DA:45,0
DA:51,1
DA:53,1
DA:54,1
DA:57,0
DA:63,1
DA:65,1
DA:70,1
DA:73,0
DA:79,1
DA:81,1
DA:82,1
DA:85,0
DA:91,18
LF:29
LH:20
BRDA:11,0,0,0
BRF:1
BRH:0
end_of_record
TN:
SF:src\services\gift.service.ts
FN:9,(anonymous_7)
FN:21,(anonymous_9)
FN:33,(anonymous_11)
FN:45,(anonymous_13)
FN:61,(anonymous_15)
FNF:5
FNH:5
FNDA:1,(anonymous_7)
FNDA:1,(anonymous_9)
FNDA:1,(anonymous_11)
FNDA:1,(anonymous_13)
FNDA:1,(anonymous_15)
DA:3,18
DA:10,1
DA:12,1
DA:13,1
DA:16,0
DA:22,1
DA:24,1
DA:25,1
DA:28,0
DA:34,1
DA:36,1
DA:37,1
DA:40,0
DA:46,1
DA:48,1
DA:53,1
DA:56,0
DA:62,1
DA:64,1
DA:65,1
DA:68,0
DA:74,18
LF:22
LH:17
BRF:0
BRH:0
end_of_record
TN:
SF:src\services\index.ts
FNF:0
FNH:0
DA:1,18
DA:2,18
DA:3,18
DA:4,18
DA:5,18
DA:6,18
LF:6
LH:6
BRF:0
BRH:0
end_of_record
TN:
SF:src\services\user.service.ts
FN:16,(anonymous_8)
FN:40,(anonymous_10)
FN:52,(anonymous_12)
FN:64,(anonymous_14)
FN:76,(anonymous_16)
FN:97,(anonymous_18)
FN:109,(anonymous_20)
FN:149,(anonymous_22)
FNF:8
FNH:5
FNDA:3,(anonymous_8)
FNDA:7,(anonymous_10)
FNDA:0,(anonymous_12)
FNDA:3,(anonymous_14)
FNDA:0,(anonymous_16)
FNDA:0,(anonymous_18)
FNDA:4,(anonymous_20)
FNDA:1,(anonymous_22)
DA:2,18
DA:9,18
DA:10,18
DA:11,18
DA:17,3
DA:19,3
DA:22,3
DA:24,1
DA:27,2
DA:28,2
DA:31,2
DA:32,1
DA:35,2
DA:41,7
DA:43,7
DA:44,6
DA:47,1
DA:53,0
DA:55,0
DA:56,0
DA:59,0
DA:65,3
DA:67,3
DA:68,2
DA:71,1
DA:80,0
DA:82,0
DA:88,0
DA:89,0
DA:92,0
DA:98,0
DA:100,0
DA:101,0
DA:104,0
DA:112,4
DA:114,4
DA:117,3
DA:119,1
DA:122,2
DA:126,2
DA:128,1
DA:129,0
DA:132,1
DA:144,3
DA:150,1
DA:152,1
DA:166,0
DA:172,18
LF:48
LH:33
BRDA:22,0,0,1
BRDA:27,1,0,2
BRDA:88,2,0,0
BRDA:117,3,0,1
BRDA:126,4,0,1
BRDA:161,5,0,1
BRDA:161,5,1,0
BRF:7
BRH:5
end_of_record
