{"C:\\Universidad\\Semestre VII\\Compunet III\\Aromalife-ADN\\src\\controllers\\candle.controller.ts": {"path":"C:\\Universidad\\Semestre VII\\Compunet III\\Aromalife-ADN\\src\\controllers\\candle.controller.ts","statementMap":{"0":{"start":{"line":4,"column":0},"end":{"line":4,"column":57}},"1":{"start":{"line":8,"column":4},"end":{"line":20,"column":5}},"2":{"start":{"line":10,"column":8},"end":{"line":11,"column":null}},"3":{"start":{"line":13,"column":6},"end":{"line":13,"column":45}},"4":{"start":{"line":15,"column":6},"end":{"line":18,"column":7}},"5":{"start":{"line":16,"column":8},"end":{"line":16,"column":74}},"6":{"start":{"line":17,"column":8},"end":{"line":17,"column":15}},"7":{"start":{"line":19,"column":6},"end":{"line":19,"column":34}},"8":{"start":{"line":24,"column":4},"end":{"line":37,"column":5}},"9":{"start":{"line":25,"column":25},"end":{"line":25,"column":38}},"10":{"start":{"line":27,"column":8},"end":{"line":27,"column":53}},"11":{"start":{"line":28,"column":6},"end":{"line":33,"column":7}},"12":{"start":{"line":29,"column":8},"end":{"line":31,"column":70}},"13":{"start":{"line":32,"column":8},"end":{"line":32,"column":15}},"14":{"start":{"line":34,"column":6},"end":{"line":34,"column":30}},"15":{"start":{"line":36,"column":6},"end":{"line":36,"column":34}},"16":{"start":{"line":41,"column":4},"end":{"line":47,"column":5}},"17":{"start":{"line":43,"column":8},"end":{"line":43,"column":50}},"18":{"start":{"line":44,"column":6},"end":{"line":44,"column":31}},"19":{"start":{"line":46,"column":6},"end":{"line":46,"column":34}},"20":{"start":{"line":51,"column":4},"end":{"line":67,"column":5}},"21":{"start":{"line":52,"column":25},"end":{"line":52,"column":38}},"22":{"start":{"line":54,"column":8},"end":{"line":56,"column":null}},"23":{"start":{"line":58,"column":6},"end":{"line":63,"column":7}},"24":{"start":{"line":59,"column":8},"end":{"line":61,"column":70}},"25":{"start":{"line":62,"column":8},"end":{"line":62,"column":15}},"26":{"start":{"line":64,"column":6},"end":{"line":64,"column":30}},"27":{"start":{"line":66,"column":6},"end":{"line":66,"column":34}},"28":{"start":{"line":71,"column":4},"end":{"line":84,"column":5}},"29":{"start":{"line":72,"column":25},"end":{"line":72,"column":38}},"30":{"start":{"line":74,"column":8},"end":{"line":74,"column":51}},"31":{"start":{"line":75,"column":6},"end":{"line":80,"column":7}},"32":{"start":{"line":76,"column":8},"end":{"line":78,"column":70}},"33":{"start":{"line":79,"column":8},"end":{"line":79,"column":15}},"34":{"start":{"line":81,"column":6},"end":{"line":81,"column":30}},"35":{"start":{"line":83,"column":6},"end":{"line":83,"column":34}},"36":{"start":{"line":88,"column":13},"end":{"line":89,"column":38}}},"fnMap":{"0":{"name":"(anonymous_7)","decl":{"start":{"line":7,"column":15},"end":{"line":7,"column":21}},"loc":{"start":{"line":7,"column":49},"end":{"line":21,"column":null}}},"1":{"name":"(anonymous_9)","decl":{"start":{"line":23,"column":15},"end":{"line":23,"column":18}},"loc":{"start":{"line":23,"column":46},"end":{"line":38,"column":null}}},"2":{"name":"(anonymous_11)","decl":{"start":{"line":40,"column":15},"end":{"line":40,"column":21}},"loc":{"start":{"line":40,"column":49},"end":{"line":48,"column":null}}},"3":{"name":"(anonymous_13)","decl":{"start":{"line":50,"column":15},"end":{"line":50,"column":21}},"loc":{"start":{"line":50,"column":49},"end":{"line":68,"column":null}}},"4":{"name":"(anonymous_15)","decl":{"start":{"line":70,"column":15},"end":{"line":70,"column":21}},"loc":{"start":{"line":70,"column":49},"end":{"line":85,"column":null}}}},"branchMap":{"0":{"loc":{"start":{"line":15,"column":6},"end":{"line":18,"column":7}},"type":"if","locations":[{"start":{"line":15,"column":6},"end":{"line":18,"column":7}}]},"1":{"loc":{"start":{"line":28,"column":6},"end":{"line":33,"column":7}},"type":"if","locations":[{"start":{"line":28,"column":6},"end":{"line":33,"column":7}}]},"2":{"loc":{"start":{"line":58,"column":6},"end":{"line":63,"column":7}},"type":"if","locations":[{"start":{"line":58,"column":6},"end":{"line":63,"column":7}}]},"3":{"loc":{"start":{"line":75,"column":6},"end":{"line":80,"column":7}},"type":"if","locations":[{"start":{"line":75,"column":6},"end":{"line":80,"column":7}}]}},"s":{"0":12,"1":2,"2":2,"3":0,"4":2,"5":1,"6":1,"7":1,"8":2,"9":2,"10":2,"11":1,"12":1,"13":1,"14":0,"15":1,"16":1,"17":1,"18":0,"19":1,"20":2,"21":2,"22":2,"23":1,"24":1,"25":1,"26":0,"27":1,"28":2,"29":2,"30":2,"31":1,"32":1,"33":1,"34":0,"35":1,"36":12},"f":{"0":2,"1":2,"2":1,"3":2,"4":2},"b":{"0":[1],"1":[1],"2":[1],"3":[1]}}
,"C:\\Universidad\\Semestre VII\\Compunet III\\Aromalife-ADN\\src\\controllers\\cart.controller.ts": {"path":"C:\\Universidad\\Semestre VII\\Compunet III\\Aromalife-ADN\\src\\controllers\\cart.controller.ts","statementMap":{"0":{"start":{"line":4,"column":0},"end":{"line":4,"column":42}},"1":{"start":{"line":8,"column":4},"end":{"line":16,"column":5}},"2":{"start":{"line":9,"column":36},"end":{"line":10,"column":null}},"3":{"start":{"line":12,"column":6},"end":{"line":12,"column":36}},"4":{"start":{"line":14,"column":6},"end":{"line":14,"column":25}},"5":{"start":{"line":15,"column":6},"end":{"line":15,"column":34}},"6":{"start":{"line":20,"column":4},"end":{"line":30,"column":5}},"7":{"start":{"line":21,"column":25},"end":{"line":21,"column":38}},"8":{"start":{"line":22,"column":40},"end":{"line":22,"column":70}},"9":{"start":{"line":23,"column":6},"end":{"line":26,"column":7}},"10":{"start":{"line":24,"column":8},"end":{"line":24,"column":74}},"11":{"start":{"line":25,"column":8},"end":{"line":25,"column":15}},"12":{"start":{"line":27,"column":6},"end":{"line":27,"column":21}},"13":{"start":{"line":29,"column":6},"end":{"line":29,"column":34}},"14":{"start":{"line":34,"column":4},"end":{"line":39,"column":5}},"15":{"start":{"line":35,"column":36},"end":{"line":35,"column":63}},"16":{"start":{"line":36,"column":6},"end":{"line":36,"column":22}},"17":{"start":{"line":38,"column":6},"end":{"line":38,"column":34}},"18":{"start":{"line":43,"column":4},"end":{"line":56,"column":5}},"19":{"start":{"line":44,"column":25},"end":{"line":44,"column":38}},"20":{"start":{"line":45,"column":40},"end":{"line":47,"column":null}},"21":{"start":{"line":49,"column":6},"end":{"line":52,"column":7}},"22":{"start":{"line":50,"column":8},"end":{"line":50,"column":74}},"23":{"start":{"line":51,"column":8},"end":{"line":51,"column":15}},"24":{"start":{"line":53,"column":6},"end":{"line":53,"column":21}},"25":{"start":{"line":55,"column":6},"end":{"line":55,"column":34}},"26":{"start":{"line":60,"column":4},"end":{"line":70,"column":5}},"27":{"start":{"line":61,"column":25},"end":{"line":61,"column":38}},"28":{"start":{"line":62,"column":40},"end":{"line":62,"column":68}},"29":{"start":{"line":63,"column":6},"end":{"line":66,"column":7}},"30":{"start":{"line":64,"column":8},"end":{"line":64,"column":74}},"31":{"start":{"line":65,"column":8},"end":{"line":65,"column":15}},"32":{"start":{"line":67,"column":6},"end":{"line":67,"column":21}},"33":{"start":{"line":69,"column":6},"end":{"line":69,"column":34}},"34":{"start":{"line":74,"column":13},"end":{"line":74,"column":51}}},"fnMap":{"0":{"name":"(anonymous_7)","decl":{"start":{"line":7,"column":15},"end":{"line":7,"column":21}},"loc":{"start":{"line":7,"column":49},"end":{"line":17,"column":null}}},"1":{"name":"(anonymous_9)","decl":{"start":{"line":19,"column":15},"end":{"line":19,"column":18}},"loc":{"start":{"line":19,"column":46},"end":{"line":31,"column":null}}},"2":{"name":"(anonymous_11)","decl":{"start":{"line":33,"column":15},"end":{"line":33,"column":21}},"loc":{"start":{"line":33,"column":49},"end":{"line":40,"column":null}}},"3":{"name":"(anonymous_13)","decl":{"start":{"line":42,"column":15},"end":{"line":42,"column":21}},"loc":{"start":{"line":42,"column":49},"end":{"line":57,"column":null}}},"4":{"name":"(anonymous_15)","decl":{"start":{"line":59,"column":15},"end":{"line":59,"column":21}},"loc":{"start":{"line":59,"column":49},"end":{"line":71,"column":null}}}},"branchMap":{"0":{"loc":{"start":{"line":23,"column":6},"end":{"line":26,"column":7}},"type":"if","locations":[{"start":{"line":23,"column":6},"end":{"line":26,"column":7}}]},"1":{"loc":{"start":{"line":49,"column":6},"end":{"line":52,"column":7}},"type":"if","locations":[{"start":{"line":49,"column":6},"end":{"line":52,"column":7}}]},"2":{"loc":{"start":{"line":63,"column":6},"end":{"line":66,"column":7}},"type":"if","locations":[{"start":{"line":63,"column":6},"end":{"line":66,"column":7}}]}},"s":{"0":12,"1":1,"2":1,"3":0,"4":1,"5":1,"6":2,"7":2,"8":2,"9":1,"10":1,"11":1,"12":0,"13":1,"14":1,"15":1,"16":0,"17":1,"18":2,"19":2,"20":2,"21":1,"22":1,"23":1,"24":0,"25":1,"26":2,"27":2,"28":2,"29":1,"30":1,"31":1,"32":0,"33":1,"34":12},"f":{"0":1,"1":2,"2":1,"3":2,"4":2},"b":{"0":[1],"1":[1],"2":[1]}}
,"C:\\Universidad\\Semestre VII\\Compunet III\\Aromalife-ADN\\src\\controllers\\container.controller.ts": {"path":"C:\\Universidad\\Semestre VII\\Compunet III\\Aromalife-ADN\\src\\controllers\\container.controller.ts","statementMap":{"0":{"start":{"line":4,"column":0},"end":{"line":4,"column":47}},"1":{"start":{"line":8,"column":4},"end":{"line":27,"column":5}},"2":{"start":{"line":11,"column":41},"end":{"line":11,"column":67}},"3":{"start":{"line":11,"column":27},"end":{"line":11,"column":32}},"4":{"start":{"line":11,"column":36},"end":{"line":11,"column":41}},"5":{"start":{"line":12,"column":23},"end":{"line":12,"column":43}},"6":{"start":{"line":14,"column":46},"end":{"line":18,"column":null}},"7":{"start":{"line":20,"column":6},"end":{"line":20,"column":41}},"8":{"start":{"line":22,"column":6},"end":{"line":25,"column":7}},"9":{"start":{"line":23,"column":8},"end":{"line":23,"column":70}},"10":{"start":{"line":24,"column":8},"end":{"line":24,"column":15}},"11":{"start":{"line":26,"column":6},"end":{"line":26,"column":34}},"12":{"start":{"line":31,"column":4},"end":{"line":41,"column":5}},"13":{"start":{"line":32,"column":25},"end":{"line":32,"column":38}},"14":{"start":{"line":33,"column":50},"end":{"line":33,"column":85}},"15":{"start":{"line":34,"column":6},"end":{"line":37,"column":7}},"16":{"start":{"line":35,"column":8},"end":{"line":35,"column":79}},"17":{"start":{"line":36,"column":8},"end":{"line":36,"column":15}},"18":{"start":{"line":38,"column":6},"end":{"line":38,"column":26}},"19":{"start":{"line":40,"column":6},"end":{"line":40,"column":34}},"20":{"start":{"line":45,"column":4},"end":{"line":50,"column":5}},"21":{"start":{"line":46,"column":46},"end":{"line":46,"column":78}},"22":{"start":{"line":47,"column":6},"end":{"line":47,"column":27}},"23":{"start":{"line":49,"column":6},"end":{"line":49,"column":34}},"24":{"start":{"line":54,"column":4},"end":{"line":67,"column":5}},"25":{"start":{"line":55,"column":25},"end":{"line":55,"column":38}},"26":{"start":{"line":56,"column":50},"end":{"line":58,"column":null}},"27":{"start":{"line":60,"column":6},"end":{"line":63,"column":7}},"28":{"start":{"line":61,"column":8},"end":{"line":61,"column":79}},"29":{"start":{"line":62,"column":8},"end":{"line":62,"column":15}},"30":{"start":{"line":64,"column":6},"end":{"line":64,"column":26}},"31":{"start":{"line":66,"column":6},"end":{"line":66,"column":34}},"32":{"start":{"line":71,"column":4},"end":{"line":81,"column":5}},"33":{"start":{"line":72,"column":25},"end":{"line":72,"column":38}},"34":{"start":{"line":73,"column":50},"end":{"line":73,"column":83}},"35":{"start":{"line":74,"column":6},"end":{"line":77,"column":7}},"36":{"start":{"line":75,"column":8},"end":{"line":75,"column":79}},"37":{"start":{"line":76,"column":8},"end":{"line":76,"column":15}},"38":{"start":{"line":78,"column":6},"end":{"line":78,"column":26}},"39":{"start":{"line":80,"column":6},"end":{"line":80,"column":34}},"40":{"start":{"line":85,"column":13},"end":{"line":85,"column":61}}},"fnMap":{"0":{"name":"(anonymous_8)","decl":{"start":{"line":7,"column":15},"end":{"line":7,"column":21}},"loc":{"start":{"line":7,"column":49},"end":{"line":28,"column":null}}},"1":{"name":"(anonymous_10)","decl":{"start":{"line":30,"column":15},"end":{"line":30,"column":18}},"loc":{"start":{"line":30,"column":46},"end":{"line":42,"column":null}}},"2":{"name":"(anonymous_12)","decl":{"start":{"line":44,"column":15},"end":{"line":44,"column":21}},"loc":{"start":{"line":44,"column":49},"end":{"line":51,"column":null}}},"3":{"name":"(anonymous_14)","decl":{"start":{"line":53,"column":15},"end":{"line":53,"column":21}},"loc":{"start":{"line":53,"column":49},"end":{"line":68,"column":null}}},"4":{"name":"(anonymous_16)","decl":{"start":{"line":70,"column":15},"end":{"line":70,"column":21}},"loc":{"start":{"line":70,"column":49},"end":{"line":82,"column":null}}}},"branchMap":{"0":{"loc":{"start":{"line":22,"column":6},"end":{"line":25,"column":7}},"type":"if","locations":[{"start":{"line":22,"column":6},"end":{"line":25,"column":7}}]},"1":{"loc":{"start":{"line":34,"column":6},"end":{"line":37,"column":7}},"type":"if","locations":[{"start":{"line":34,"column":6},"end":{"line":37,"column":7}}]},"2":{"loc":{"start":{"line":60,"column":6},"end":{"line":63,"column":7}},"type":"if","locations":[{"start":{"line":60,"column":6},"end":{"line":63,"column":7}}]},"3":{"loc":{"start":{"line":74,"column":6},"end":{"line":77,"column":7}},"type":"if","locations":[{"start":{"line":74,"column":6},"end":{"line":77,"column":7}}]}},"s":{"0":12,"1":2,"2":2,"3":2,"4":2,"5":2,"6":2,"7":1,"8":1,"9":0,"10":0,"11":1,"12":2,"13":2,"14":2,"15":1,"16":1,"17":1,"18":0,"19":1,"20":1,"21":1,"22":0,"23":1,"24":2,"25":2,"26":2,"27":1,"28":1,"29":1,"30":0,"31":1,"32":2,"33":2,"34":2,"35":1,"36":1,"37":1,"38":0,"39":1,"40":12},"f":{"0":2,"1":2,"2":1,"3":2,"4":2},"b":{"0":[0],"1":[1],"2":[1],"3":[1]}}
,"C:\\Universidad\\Semestre VII\\Compunet III\\Aromalife-ADN\\src\\controllers\\fragrance.controller.ts": {"path":"C:\\Universidad\\Semestre VII\\Compunet III\\Aromalife-ADN\\src\\controllers\\fragrance.controller.ts","statementMap":{"0":{"start":{"line":4,"column":0},"end":{"line":4,"column":47}},"1":{"start":{"line":8,"column":4},"end":{"line":19,"column":5}},"2":{"start":{"line":9,"column":46},"end":{"line":10,"column":null}},"3":{"start":{"line":12,"column":6},"end":{"line":12,"column":41}},"4":{"start":{"line":14,"column":6},"end":{"line":17,"column":7}},"5":{"start":{"line":15,"column":8},"end":{"line":15,"column":70}},"6":{"start":{"line":16,"column":8},"end":{"line":16,"column":15}},"7":{"start":{"line":18,"column":6},"end":{"line":18,"column":34}},"8":{"start":{"line":23,"column":4},"end":{"line":33,"column":5}},"9":{"start":{"line":24,"column":25},"end":{"line":24,"column":38}},"10":{"start":{"line":25,"column":50},"end":{"line":25,"column":85}},"11":{"start":{"line":26,"column":6},"end":{"line":29,"column":7}},"12":{"start":{"line":27,"column":8},"end":{"line":27,"column":79}},"13":{"start":{"line":28,"column":8},"end":{"line":28,"column":15}},"14":{"start":{"line":30,"column":6},"end":{"line":30,"column":26}},"15":{"start":{"line":32,"column":6},"end":{"line":32,"column":34}},"16":{"start":{"line":37,"column":4},"end":{"line":42,"column":5}},"17":{"start":{"line":38,"column":46},"end":{"line":38,"column":78}},"18":{"start":{"line":39,"column":6},"end":{"line":39,"column":27}},"19":{"start":{"line":41,"column":6},"end":{"line":41,"column":34}},"20":{"start":{"line":46,"column":4},"end":{"line":59,"column":5}},"21":{"start":{"line":47,"column":25},"end":{"line":47,"column":38}},"22":{"start":{"line":48,"column":50},"end":{"line":50,"column":null}},"23":{"start":{"line":52,"column":6},"end":{"line":55,"column":7}},"24":{"start":{"line":53,"column":8},"end":{"line":53,"column":79}},"25":{"start":{"line":54,"column":8},"end":{"line":54,"column":15}},"26":{"start":{"line":56,"column":6},"end":{"line":56,"column":26}},"27":{"start":{"line":58,"column":6},"end":{"line":58,"column":34}},"28":{"start":{"line":63,"column":4},"end":{"line":73,"column":5}},"29":{"start":{"line":64,"column":25},"end":{"line":64,"column":38}},"30":{"start":{"line":65,"column":50},"end":{"line":65,"column":83}},"31":{"start":{"line":66,"column":6},"end":{"line":69,"column":7}},"32":{"start":{"line":67,"column":8},"end":{"line":67,"column":79}},"33":{"start":{"line":68,"column":8},"end":{"line":68,"column":15}},"34":{"start":{"line":70,"column":6},"end":{"line":70,"column":26}},"35":{"start":{"line":72,"column":6},"end":{"line":72,"column":34}},"36":{"start":{"line":77,"column":13},"end":{"line":77,"column":61}}},"fnMap":{"0":{"name":"(anonymous_7)","decl":{"start":{"line":7,"column":15},"end":{"line":7,"column":21}},"loc":{"start":{"line":7,"column":49},"end":{"line":20,"column":null}}},"1":{"name":"(anonymous_9)","decl":{"start":{"line":22,"column":15},"end":{"line":22,"column":18}},"loc":{"start":{"line":22,"column":46},"end":{"line":34,"column":null}}},"2":{"name":"(anonymous_11)","decl":{"start":{"line":36,"column":15},"end":{"line":36,"column":21}},"loc":{"start":{"line":36,"column":49},"end":{"line":43,"column":null}}},"3":{"name":"(anonymous_13)","decl":{"start":{"line":45,"column":15},"end":{"line":45,"column":21}},"loc":{"start":{"line":45,"column":49},"end":{"line":60,"column":null}}},"4":{"name":"(anonymous_15)","decl":{"start":{"line":62,"column":15},"end":{"line":62,"column":21}},"loc":{"start":{"line":62,"column":49},"end":{"line":74,"column":null}}}},"branchMap":{"0":{"loc":{"start":{"line":14,"column":6},"end":{"line":17,"column":7}},"type":"if","locations":[{"start":{"line":14,"column":6},"end":{"line":17,"column":7}}]},"1":{"loc":{"start":{"line":26,"column":6},"end":{"line":29,"column":7}},"type":"if","locations":[{"start":{"line":26,"column":6},"end":{"line":29,"column":7}}]},"2":{"loc":{"start":{"line":52,"column":6},"end":{"line":55,"column":7}},"type":"if","locations":[{"start":{"line":52,"column":6},"end":{"line":55,"column":7}}]},"3":{"loc":{"start":{"line":66,"column":6},"end":{"line":69,"column":7}},"type":"if","locations":[{"start":{"line":66,"column":6},"end":{"line":69,"column":7}}]}},"s":{"0":12,"1":1,"2":1,"3":0,"4":1,"5":1,"6":1,"7":0,"8":1,"9":1,"10":1,"11":1,"12":1,"13":1,"14":0,"15":0,"16":1,"17":1,"18":0,"19":1,"20":2,"21":2,"22":2,"23":1,"24":1,"25":1,"26":0,"27":1,"28":2,"29":2,"30":2,"31":1,"32":1,"33":1,"34":0,"35":1,"36":12},"f":{"0":1,"1":1,"2":1,"3":2,"4":2},"b":{"0":[1],"1":[1],"2":[1],"3":[1]}}
,"C:\\Universidad\\Semestre VII\\Compunet III\\Aromalife-ADN\\src\\controllers\\gift.controller.ts": {"path":"C:\\Universidad\\Semestre VII\\Compunet III\\Aromalife-ADN\\src\\controllers\\gift.controller.ts","statementMap":{"0":{"start":{"line":4,"column":0},"end":{"line":4,"column":42}},"1":{"start":{"line":8,"column":4},"end":{"line":17,"column":5}},"2":{"start":{"line":9,"column":36},"end":{"line":9,"column":83}},"3":{"start":{"line":10,"column":6},"end":{"line":10,"column":36}},"4":{"start":{"line":12,"column":6},"end":{"line":15,"column":7}},"5":{"start":{"line":13,"column":8},"end":{"line":13,"column":65}},"6":{"start":{"line":14,"column":8},"end":{"line":14,"column":15}},"7":{"start":{"line":16,"column":6},"end":{"line":16,"column":34}},"8":{"start":{"line":21,"column":4},"end":{"line":31,"column":5}},"9":{"start":{"line":22,"column":25},"end":{"line":22,"column":38}},"10":{"start":{"line":23,"column":40},"end":{"line":23,"column":70}},"11":{"start":{"line":24,"column":6},"end":{"line":27,"column":7}},"12":{"start":{"line":25,"column":8},"end":{"line":25,"column":74}},"13":{"start":{"line":26,"column":8},"end":{"line":26,"column":15}},"14":{"start":{"line":28,"column":6},"end":{"line":28,"column":21}},"15":{"start":{"line":30,"column":6},"end":{"line":30,"column":34}},"16":{"start":{"line":35,"column":4},"end":{"line":40,"column":5}},"17":{"start":{"line":36,"column":36},"end":{"line":36,"column":63}},"18":{"start":{"line":37,"column":6},"end":{"line":37,"column":22}},"19":{"start":{"line":39,"column":6},"end":{"line":39,"column":34}},"20":{"start":{"line":44,"column":4},"end":{"line":54,"column":5}},"21":{"start":{"line":45,"column":25},"end":{"line":45,"column":38}},"22":{"start":{"line":46,"column":40},"end":{"line":46,"column":100}},"23":{"start":{"line":47,"column":6},"end":{"line":50,"column":7}},"24":{"start":{"line":48,"column":8},"end":{"line":48,"column":74}},"25":{"start":{"line":49,"column":8},"end":{"line":49,"column":15}},"26":{"start":{"line":51,"column":6},"end":{"line":51,"column":21}},"27":{"start":{"line":53,"column":6},"end":{"line":53,"column":34}},"28":{"start":{"line":58,"column":4},"end":{"line":68,"column":5}},"29":{"start":{"line":59,"column":25},"end":{"line":59,"column":38}},"30":{"start":{"line":60,"column":40},"end":{"line":60,"column":68}},"31":{"start":{"line":61,"column":6},"end":{"line":64,"column":7}},"32":{"start":{"line":62,"column":8},"end":{"line":62,"column":74}},"33":{"start":{"line":63,"column":8},"end":{"line":63,"column":15}},"34":{"start":{"line":65,"column":6},"end":{"line":65,"column":57}},"35":{"start":{"line":67,"column":6},"end":{"line":67,"column":34}},"36":{"start":{"line":72,"column":13},"end":{"line":72,"column":51}}},"fnMap":{"0":{"name":"(anonymous_7)","decl":{"start":{"line":7,"column":15},"end":{"line":7,"column":21}},"loc":{"start":{"line":7,"column":49},"end":{"line":18,"column":null}}},"1":{"name":"(anonymous_9)","decl":{"start":{"line":20,"column":15},"end":{"line":20,"column":18}},"loc":{"start":{"line":20,"column":46},"end":{"line":32,"column":null}}},"2":{"name":"(anonymous_11)","decl":{"start":{"line":34,"column":15},"end":{"line":34,"column":21}},"loc":{"start":{"line":34,"column":49},"end":{"line":41,"column":null}}},"3":{"name":"(anonymous_13)","decl":{"start":{"line":43,"column":15},"end":{"line":43,"column":21}},"loc":{"start":{"line":43,"column":49},"end":{"line":55,"column":null}}},"4":{"name":"(anonymous_15)","decl":{"start":{"line":57,"column":15},"end":{"line":57,"column":21}},"loc":{"start":{"line":57,"column":49},"end":{"line":69,"column":null}}}},"branchMap":{"0":{"loc":{"start":{"line":12,"column":6},"end":{"line":15,"column":7}},"type":"if","locations":[{"start":{"line":12,"column":6},"end":{"line":15,"column":7}}]},"1":{"loc":{"start":{"line":24,"column":6},"end":{"line":27,"column":7}},"type":"if","locations":[{"start":{"line":24,"column":6},"end":{"line":27,"column":7}}]},"2":{"loc":{"start":{"line":47,"column":6},"end":{"line":50,"column":7}},"type":"if","locations":[{"start":{"line":47,"column":6},"end":{"line":50,"column":7}}]},"3":{"loc":{"start":{"line":61,"column":6},"end":{"line":64,"column":7}},"type":"if","locations":[{"start":{"line":61,"column":6},"end":{"line":64,"column":7}}]}},"s":{"0":12,"1":1,"2":1,"3":0,"4":1,"5":1,"6":1,"7":0,"8":1,"9":1,"10":1,"11":1,"12":1,"13":1,"14":0,"15":0,"16":1,"17":1,"18":0,"19":1,"20":2,"21":2,"22":2,"23":1,"24":1,"25":1,"26":0,"27":1,"28":2,"29":2,"30":2,"31":1,"32":1,"33":1,"34":0,"35":1,"36":12},"f":{"0":1,"1":1,"2":1,"3":2,"4":2},"b":{"0":[1],"1":[1],"2":[1],"3":[1]}}
,"C:\\Universidad\\Semestre VII\\Compunet III\\Aromalife-ADN\\src\\controllers\\index.ts": {"path":"C:\\Universidad\\Semestre VII\\Compunet III\\Aromalife-ADN\\src\\controllers\\index.ts","statementMap":{"0":{"start":{"line":1,"column":0},"end":{"line":1,"column":34}},"1":{"start":{"line":2,"column":0},"end":{"line":2,"column":36}},"2":{"start":{"line":3,"column":0},"end":{"line":3,"column":39}},"3":{"start":{"line":4,"column":0},"end":{"line":4,"column":39}},"4":{"start":{"line":5,"column":0},"end":{"line":5,"column":34}},"5":{"start":{"line":6,"column":0},"end":{"line":6,"column":34}}},"fnMap":{},"branchMap":{},"s":{"0":12,"1":12,"2":12,"3":12,"4":12,"5":12},"f":{},"b":{}}
,"C:\\Universidad\\Semestre VII\\Compunet III\\Aromalife-ADN\\src\\controllers\\user.controller.ts": {"path":"C:\\Universidad\\Semestre VII\\Compunet III\\Aromalife-ADN\\src\\controllers\\user.controller.ts","statementMap":{"0":{"start":{"line":4,"column":0},"end":{"line":4,"column":42}},"1":{"start":{"line":5,"column":0},"end":{"line":5,"column":42}},"2":{"start":{"line":9,"column":4},"end":{"line":20,"column":5}},"3":{"start":{"line":10,"column":36},"end":{"line":11,"column":null}},"4":{"start":{"line":13,"column":6},"end":{"line":13,"column":36}},"5":{"start":{"line":15,"column":6},"end":{"line":18,"column":7}},"6":{"start":{"line":16,"column":8},"end":{"line":16,"column":65}},"7":{"start":{"line":17,"column":8},"end":{"line":17,"column":15}},"8":{"start":{"line":19,"column":6},"end":{"line":19,"column":34}},"9":{"start":{"line":24,"column":4},"end":{"line":34,"column":5}},"10":{"start":{"line":25,"column":25},"end":{"line":25,"column":38}},"11":{"start":{"line":26,"column":40},"end":{"line":26,"column":70}},"12":{"start":{"line":27,"column":6},"end":{"line":30,"column":7}},"13":{"start":{"line":28,"column":8},"end":{"line":28,"column":74}},"14":{"start":{"line":29,"column":8},"end":{"line":29,"column":15}},"15":{"start":{"line":31,"column":6},"end":{"line":31,"column":21}},"16":{"start":{"line":33,"column":6},"end":{"line":33,"column":34}},"17":{"start":{"line":38,"column":4},"end":{"line":43,"column":5}},"18":{"start":{"line":39,"column":36},"end":{"line":39,"column":63}},"19":{"start":{"line":40,"column":6},"end":{"line":40,"column":22}},"20":{"start":{"line":42,"column":6},"end":{"line":42,"column":34}},"21":{"start":{"line":46,"column":4},"end":{"line":59,"column":5}},"22":{"start":{"line":47,"column":25},"end":{"line":47,"column":38}},"23":{"start":{"line":48,"column":40},"end":{"line":50,"column":null}},"24":{"start":{"line":52,"column":6},"end":{"line":55,"column":7}},"25":{"start":{"line":53,"column":8},"end":{"line":53,"column":74}},"26":{"start":{"line":54,"column":8},"end":{"line":54,"column":15}},"27":{"start":{"line":56,"column":6},"end":{"line":56,"column":21}},"28":{"start":{"line":58,"column":6},"end":{"line":58,"column":34}},"29":{"start":{"line":63,"column":4},"end":{"line":74,"column":5}},"30":{"start":{"line":64,"column":25},"end":{"line":64,"column":38}},"31":{"start":{"line":65,"column":6},"end":{"line":65,"column":22}},"32":{"start":{"line":66,"column":40},"end":{"line":66,"column":68}},"33":{"start":{"line":67,"column":6},"end":{"line":70,"column":7}},"34":{"start":{"line":68,"column":8},"end":{"line":68,"column":74}},"35":{"start":{"line":69,"column":8},"end":{"line":69,"column":15}},"36":{"start":{"line":71,"column":6},"end":{"line":71,"column":21}},"37":{"start":{"line":73,"column":6},"end":{"line":73,"column":34}},"38":{"start":{"line":78,"column":4},"end":{"line":88,"column":5}},"39":{"start":{"line":79,"column":21},"end":{"line":79,"column":67}},"40":{"start":{"line":80,"column":6},"end":{"line":80,"column":35}},"41":{"start":{"line":83,"column":6},"end":{"line":86,"column":7}},"42":{"start":{"line":84,"column":8},"end":{"line":84,"column":57}},"43":{"start":{"line":85,"column":8},"end":{"line":85,"column":15}},"44":{"start":{"line":87,"column":6},"end":{"line":87,"column":34}},"45":{"start":{"line":92,"column":13},"end":{"line":92,"column":51}}},"fnMap":{"0":{"name":"(anonymous_7)","decl":{"start":{"line":8,"column":15},"end":{"line":8,"column":21}},"loc":{"start":{"line":8,"column":49},"end":{"line":21,"column":null}}},"1":{"name":"(anonymous_9)","decl":{"start":{"line":23,"column":15},"end":{"line":23,"column":18}},"loc":{"start":{"line":23,"column":46},"end":{"line":35,"column":null}}},"2":{"name":"(anonymous_11)","decl":{"start":{"line":37,"column":15},"end":{"line":37,"column":21}},"loc":{"start":{"line":37,"column":49},"end":{"line":44,"column":null}}},"3":{"name":"(anonymous_13)","decl":{"start":{"line":45,"column":15},"end":{"line":45,"column":21}},"loc":{"start":{"line":45,"column":49},"end":{"line":60,"column":null}}},"4":{"name":"(anonymous_15)","decl":{"start":{"line":62,"column":15},"end":{"line":62,"column":21}},"loc":{"start":{"line":62,"column":49},"end":{"line":75,"column":null}}},"5":{"name":"(anonymous_17)","decl":{"start":{"line":77,"column":15},"end":{"line":77,"column":20}},"loc":{"start":{"line":77,"column":48},"end":{"line":89,"column":null}}}},"branchMap":{"0":{"loc":{"start":{"line":15,"column":6},"end":{"line":18,"column":7}},"type":"if","locations":[{"start":{"line":15,"column":6},"end":{"line":18,"column":7}}]},"1":{"loc":{"start":{"line":27,"column":6},"end":{"line":30,"column":7}},"type":"if","locations":[{"start":{"line":27,"column":6},"end":{"line":30,"column":7}}]},"2":{"loc":{"start":{"line":52,"column":6},"end":{"line":55,"column":7}},"type":"if","locations":[{"start":{"line":52,"column":6},"end":{"line":55,"column":7}}]},"3":{"loc":{"start":{"line":67,"column":6},"end":{"line":70,"column":7}},"type":"if","locations":[{"start":{"line":67,"column":6},"end":{"line":70,"column":7}}]},"4":{"loc":{"start":{"line":83,"column":6},"end":{"line":86,"column":7}},"type":"if","locations":[{"start":{"line":83,"column":6},"end":{"line":86,"column":7}}]}},"s":{"0":12,"1":12,"2":3,"3":3,"4":1,"5":2,"6":1,"7":1,"8":1,"9":1,"10":1,"11":1,"12":1,"13":0,"14":0,"15":1,"16":0,"17":0,"18":0,"19":0,"20":0,"21":0,"22":0,"23":0,"24":0,"25":0,"26":0,"27":0,"28":0,"29":2,"30":2,"31":2,"32":2,"33":1,"34":1,"35":1,"36":0,"37":1,"38":4,"39":4,"40":2,"41":2,"42":1,"43":1,"44":1,"45":12},"f":{"0":3,"1":1,"2":0,"3":0,"4":2,"5":4},"b":{"0":[1],"1":[0],"2":[0],"3":[1],"4":[1]}}
,"C:\\Universidad\\Semestre VII\\Compunet III\\Aromalife-ADN\\src\\exceptions\\auth.exception.ts": {"path":"C:\\Universidad\\Semestre VII\\Compunet III\\Aromalife-ADN\\src\\exceptions\\auth.exception.ts","statementMap":{"0":{"start":{"line":2,"column":4},"end":{"line":2,"column":41}},"1":{"start":{"line":3,"column":4},"end":{"line":3,"column":59}},"2":{"start":{"line":1,"column":0},"end":{"line":1,"column":13}}},"fnMap":{"0":{"name":"(anonymous_0)","decl":{"start":{"line":1,"column":0},"end":{"line":1,"column":13}},"loc":{"start":{"line":1,"column":0},"end":{"line":4,"column":1}}}},"branchMap":{},"s":{"0":3,"1":3,"2":18},"f":{"0":3},"b":{}}
,"C:\\Universidad\\Semestre VII\\Compunet III\\Aromalife-ADN\\src\\exceptions\\index.ts": {"path":"C:\\Universidad\\Semestre VII\\Compunet III\\Aromalife-ADN\\src\\exceptions\\index.ts","statementMap":{"0":{"start":{"line":1,"column":0},"end":{"line":1,"column":33}}},"fnMap":{},"branchMap":{},"s":{"0":18},"f":{},"b":{}}
,"C:\\Universidad\\Semestre VII\\Compunet III\\Aromalife-ADN\\src\\middlewares\\auth.middleware.ts": {"path":"C:\\Universidad\\Semestre VII\\Compunet III\\Aromalife-ADN\\src\\middlewares\\auth.middleware.ts","statementMap":{"0":{"start":{"line":2,"column":0},"end":{"line":2,"column":54}},"1":{"start":{"line":4,"column":20},"end":{"line":26,"column":1}},"2":{"start":{"line":5,"column":34},"end":{"line":5,"column":61}},"3":{"start":{"line":7,"column":2},"end":{"line":10,"column":3}},"4":{"start":{"line":8,"column":4},"end":{"line":8,"column":43}},"5":{"start":{"line":9,"column":4},"end":{"line":9,"column":11}},"6":{"start":{"line":12,"column":2},"end":{"line":25,"column":3}},"7":{"start":{"line":14,"column":4},"end":{"line":14,"column":41}},"8":{"start":{"line":15,"column":25},"end":{"line":15,"column":78}},"9":{"start":{"line":16,"column":4},"end":{"line":16,"column":39}},"10":{"start":{"line":18,"column":4},"end":{"line":18,"column":11}},"11":{"start":{"line":20,"column":4},"end":{"line":23,"column":5}},"12":{"start":{"line":21,"column":6},"end":{"line":21,"column":44}},"13":{"start":{"line":22,"column":6},"end":{"line":22,"column":13}},"14":{"start":{"line":24,"column":4},"end":{"line":24,"column":43}},"15":{"start":{"line":4,"column":13},"end":{"line":4,"column":20}},"16":{"start":{"line":28,"column":25},"end":{"line":37,"column":1}},"17":{"start":{"line":29,"column":2},"end":{"line":36,"column":4}},"18":{"start":{"line":30,"column":22},"end":{"line":30,"column":47}},"19":{"start":{"line":31,"column":4},"end":{"line":34,"column":5}},"20":{"start":{"line":31,"column":30},"end":{"line":31,"column":54}},"21":{"start":{"line":32,"column":6},"end":{"line":32,"column":40}},"22":{"start":{"line":33,"column":6},"end":{"line":33,"column":13}},"23":{"start":{"line":35,"column":4},"end":{"line":35,"column":11}},"24":{"start":{"line":28,"column":13},"end":{"line":28,"column":25}}},"fnMap":{"0":{"name":"(anonymous_9)","decl":{"start":{"line":4,"column":20},"end":{"line":4,"column":21}},"loc":{"start":{"line":4,"column":72},"end":{"line":26,"column":1}}},"1":{"name":"(anonymous_10)","decl":{"start":{"line":28,"column":25},"end":{"line":28,"column":26}},"loc":{"start":{"line":28,"column":45},"end":{"line":37,"column":1}}},"2":{"name":"(anonymous_11)","decl":{"start":{"line":29,"column":9},"end":{"line":29,"column":10}},"loc":{"start":{"line":29,"column":61},"end":{"line":36,"column":3}}},"3":{"name":"(anonymous_12)","decl":{"start":{"line":31,"column":20},"end":{"line":31,"column":21}},"loc":{"start":{"line":31,"column":30},"end":{"line":31,"column":54}}}},"branchMap":{"0":{"loc":{"start":{"line":7,"column":2},"end":{"line":10,"column":3}},"type":"if","locations":[{"start":{"line":7,"column":2},"end":{"line":10,"column":3}}]},"1":{"loc":{"start":{"line":15,"column":43},"end":{"line":15,"column":77}},"type":"binary-expr","locations":[{"start":{"line":15,"column":43},"end":{"line":15,"column":65}},{"start":{"line":15,"column":69},"end":{"line":15,"column":77}}]},"2":{"loc":{"start":{"line":20,"column":4},"end":{"line":23,"column":5}},"type":"if","locations":[{"start":{"line":20,"column":4},"end":{"line":23,"column":5}}]},"3":{"loc":{"start":{"line":31,"column":4},"end":{"line":34,"column":5}},"type":"if","locations":[{"start":{"line":31,"column":4},"end":{"line":34,"column":5}}]}},"s":{"0":6,"1":6,"2":20,"3":20,"4":12,"5":12,"6":8,"7":8,"8":8,"9":8,"10":8,"11":0,"12":0,"13":0,"14":0,"15":6,"16":6,"17":31,"18":8,"19":8,"20":9,"21":6,"22":6,"23":2,"24":6},"f":{"0":20,"1":31,"2":8,"3":9},"b":{"0":[12],"1":[8,8],"2":[0],"3":[6]}}
,"C:\\Universidad\\Semestre VII\\Compunet III\\Aromalife-ADN\\src\\middlewares\\index.ts": {"path":"C:\\Universidad\\Semestre VII\\Compunet III\\Aromalife-ADN\\src\\middlewares\\index.ts","statementMap":{"0":{"start":{"line":1,"column":0},"end":{"line":1,"column":34}},"1":{"start":{"line":2,"column":0},"end":{"line":2,"column":43}}},"fnMap":{},"branchMap":{},"s":{"0":6,"1":6},"f":{},"b":{}}
,"C:\\Universidad\\Semestre VII\\Compunet III\\Aromalife-ADN\\src\\middlewares\\validateSchema.middleware.ts": {"path":"C:\\Universidad\\Semestre VII\\Compunet III\\Aromalife-ADN\\src\\middlewares\\validateSchema.middleware.ts","statementMap":{"0":{"start":{"line":4,"column":30},"end":{"line":13,"column":1}},"1":{"start":{"line":5,"column":4},"end":{"line":12,"column":null}},"2":{"start":{"line":5,"column":69},"end":{"line":12,"column":null}},"3":{"start":{"line":6,"column":8},"end":{"line":11,"column":9}},"4":{"start":{"line":7,"column":12},"end":{"line":7,"column":46}},"5":{"start":{"line":8,"column":12},"end":{"line":8,"column":19}},"6":{"start":{"line":10,"column":12},"end":{"line":10,"column":null}},"7":{"start":{"line":4,"column":13},"end":{"line":4,"column":30}}},"fnMap":{"0":{"name":"(anonymous_7)","decl":{"start":{"line":4,"column":30},"end":{"line":4,"column":31}},"loc":{"start":{"line":4,"column":55},"end":{"line":13,"column":1}}},"1":{"name":"(anonymous_8)","decl":{"start":{"line":5,"column":11},"end":{"line":5,"column":18}},"loc":{"start":{"line":5,"column":69},"end":{"line":12,"column":null}}},"2":{"name":"(anonymous_9)","decl":{"start":{"line":5,"column":69},"end":{"line":5,"column":null}},"loc":{"start":{"line":5,"column":69},"end":{"line":12,"column":5}}}},"branchMap":{},"s":{"0":6,"1":12,"2":2,"3":2,"4":2,"5":1,"6":1,"7":6},"f":{"0":12,"1":2,"2":2},"b":{}}
,"C:\\Universidad\\Semestre VII\\Compunet III\\Aromalife-ADN\\src\\models\\candle.model.ts": {"path":"C:\\Universidad\\Semestre VII\\Compunet III\\Aromalife-ADN\\src\\models\\candle.model.ts","statementMap":{"0":{"start":{"line":1,"column":0},"end":{"line":1,"column":32}},"1":{"start":{"line":12,"column":34},"end":{"line":34,"column":null}},"2":{"start":{"line":37,"column":13},"end":{"line":41,"column":4}}},"fnMap":{},"branchMap":{},"s":{"0":20,"1":20,"2":20},"f":{},"b":{}}
,"C:\\Universidad\\Semestre VII\\Compunet III\\Aromalife-ADN\\src\\models\\cart.model.ts": {"path":"C:\\Universidad\\Semestre VII\\Compunet III\\Aromalife-ADN\\src\\models\\cart.model.ts","statementMap":{"0":{"start":{"line":1,"column":0},"end":{"line":1,"column":32}},"1":{"start":{"line":9,"column":19},"end":{"line":37,"column":null}},"2":{"start":{"line":40,"column":13},"end":{"line":40,"column":74}}},"fnMap":{},"branchMap":{},"s":{"0":20,"1":20,"2":20},"f":{},"b":{}}
,"C:\\Universidad\\Semestre VII\\Compunet III\\Aromalife-ADN\\src\\models\\container.model.ts": {"path":"C:\\Universidad\\Semestre VII\\Compunet III\\Aromalife-ADN\\src\\models\\container.model.ts","statementMap":{"0":{"start":{"line":1,"column":0},"end":{"line":1,"column":32}},"1":{"start":{"line":10,"column":24},"end":{"line":20,"column":null}},"2":{"start":{"line":23,"column":13},"end":{"line":23,"column":94}}},"fnMap":{},"branchMap":{},"s":{"0":20,"1":20,"2":20},"f":{},"b":{}}
,"C:\\Universidad\\Semestre VII\\Compunet III\\Aromalife-ADN\\src\\models\\fragrance.model.ts": {"path":"C:\\Universidad\\Semestre VII\\Compunet III\\Aromalife-ADN\\src\\models\\fragrance.model.ts","statementMap":{"0":{"start":{"line":1,"column":0},"end":{"line":1,"column":32}},"1":{"start":{"line":10,"column":26},"end":{"line":16,"column":null}},"2":{"start":{"line":19,"column":15},"end":{"line":19,"column":96}}},"fnMap":{},"branchMap":{},"s":{"0":20,"1":20,"2":20},"f":{},"b":{}}
,"C:\\Universidad\\Semestre VII\\Compunet III\\Aromalife-ADN\\src\\models\\gift.model.ts": {"path":"C:\\Universidad\\Semestre VII\\Compunet III\\Aromalife-ADN\\src\\models\\gift.model.ts","statementMap":{"0":{"start":{"line":1,"column":0},"end":{"line":1,"column":32}},"1":{"start":{"line":12,"column":19},"end":{"line":19,"column":null}},"2":{"start":{"line":22,"column":13},"end":{"line":22,"column":74}}},"fnMap":{},"branchMap":{},"s":{"0":20,"1":20,"2":20},"f":{},"b":{}}
,"C:\\Universidad\\Semestre VII\\Compunet III\\Aromalife-ADN\\src\\models\\index.ts": {"path":"C:\\Universidad\\Semestre VII\\Compunet III\\Aromalife-ADN\\src\\models\\index.ts","statementMap":{"0":{"start":{"line":1,"column":0},"end":{"line":1,"column":29}},"1":{"start":{"line":2,"column":0},"end":{"line":2,"column":31}},"2":{"start":{"line":3,"column":0},"end":{"line":3,"column":34}},"3":{"start":{"line":4,"column":0},"end":{"line":4,"column":34}},"4":{"start":{"line":5,"column":0},"end":{"line":5,"column":29}},"5":{"start":{"line":6,"column":0},"end":{"line":6,"column":29}}},"fnMap":{},"branchMap":{},"s":{"0":19,"1":19,"2":19,"3":19,"4":19,"5":19},"f":{},"b":{}}
,"C:\\Universidad\\Semestre VII\\Compunet III\\Aromalife-ADN\\src\\models\\user.model.ts": {"path":"C:\\Universidad\\Semestre VII\\Compunet III\\Aromalife-ADN\\src\\models\\user.model.ts","statementMap":{"0":{"start":{"line":1,"column":0},"end":{"line":1,"column":32}},"1":{"start":{"line":10,"column":19},"end":{"line":18,"column":null}},"2":{"start":{"line":21,"column":13},"end":{"line":21,"column":74}}},"fnMap":{},"branchMap":{},"s":{"0":19,"1":19,"2":19},"f":{},"b":{}}
,"C:\\Universidad\\Semestre VII\\Compunet III\\Aromalife-ADN\\src\\routes\\candle.route.ts": {"path":"C:\\Universidad\\Semestre VII\\Compunet III\\Aromalife-ADN\\src\\routes\\candle.route.ts","statementMap":{"0":{"start":{"line":1,"column":0},"end":{"line":1,"column":33}},"1":{"start":{"line":2,"column":0},"end":{"line":2,"column":63}},"2":{"start":{"line":3,"column":0},"end":{"line":3,"column":65}},"3":{"start":{"line":4,"column":0},"end":{"line":4,"column":55}},"4":{"start":{"line":6,"column":13},"end":{"line":6,"column":37}},"5":{"start":{"line":9,"column":0},"end":{"line":14,"column":2}},"6":{"start":{"line":17,"column":0},"end":{"line":23,"column":2}},"7":{"start":{"line":26,"column":0},"end":{"line":31,"column":2}},"8":{"start":{"line":34,"column":0},"end":{"line":40,"column":2}},"9":{"start":{"line":43,"column":0},"end":{"line":48,"column":2}}},"fnMap":{},"branchMap":{},"s":{"0":1,"1":1,"2":1,"3":1,"4":1,"5":1,"6":1,"7":1,"8":1,"9":1},"f":{},"b":{}}
,"C:\\Universidad\\Semestre VII\\Compunet III\\Aromalife-ADN\\src\\routes\\cart.route.ts": {"path":"C:\\Universidad\\Semestre VII\\Compunet III\\Aromalife-ADN\\src\\routes\\cart.route.ts","statementMap":{"0":{"start":{"line":1,"column":0},"end":{"line":1,"column":33}},"1":{"start":{"line":2,"column":0},"end":{"line":2,"column":48}},"2":{"start":{"line":3,"column":0},"end":{"line":3,"column":65}},"3":{"start":{"line":4,"column":0},"end":{"line":4,"column":40}},"4":{"start":{"line":6,"column":13},"end":{"line":6,"column":35}},"5":{"start":{"line":8,"column":0},"end":{"line":13,"column":2}},"6":{"start":{"line":15,"column":0},"end":{"line":21,"column":2}},"7":{"start":{"line":23,"column":0},"end":{"line":28,"column":2}},"8":{"start":{"line":30,"column":0},"end":{"line":36,"column":2}},"9":{"start":{"line":38,"column":0},"end":{"line":43,"column":2}}},"fnMap":{},"branchMap":{},"s":{"0":1,"1":1,"2":1,"3":1,"4":1,"5":1,"6":1,"7":1,"8":1,"9":1},"f":{},"b":{}}
,"C:\\Universidad\\Semestre VII\\Compunet III\\Aromalife-ADN\\src\\routes\\container.route.ts": {"path":"C:\\Universidad\\Semestre VII\\Compunet III\\Aromalife-ADN\\src\\routes\\container.route.ts","statementMap":{"0":{"start":{"line":1,"column":0},"end":{"line":1,"column":33}},"1":{"start":{"line":2,"column":0},"end":{"line":2,"column":53}},"2":{"start":{"line":3,"column":0},"end":{"line":3,"column":65}},"3":{"start":{"line":4,"column":0},"end":{"line":4,"column":45}},"4":{"start":{"line":6,"column":13},"end":{"line":6,"column":40}},"5":{"start":{"line":9,"column":0},"end":{"line":14,"column":2}},"6":{"start":{"line":17,"column":0},"end":{"line":23,"column":2}},"7":{"start":{"line":26,"column":0},"end":{"line":31,"column":2}},"8":{"start":{"line":34,"column":0},"end":{"line":40,"column":2}},"9":{"start":{"line":43,"column":0},"end":{"line":48,"column":2}}},"fnMap":{},"branchMap":{},"s":{"0":1,"1":1,"2":1,"3":1,"4":1,"5":1,"6":1,"7":1,"8":1,"9":1},"f":{},"b":{}}
,"C:\\Universidad\\Semestre VII\\Compunet III\\Aromalife-ADN\\src\\routes\\fragrance.route.ts": {"path":"C:\\Universidad\\Semestre VII\\Compunet III\\Aromalife-ADN\\src\\routes\\fragrance.route.ts","statementMap":{"0":{"start":{"line":1,"column":0},"end":{"line":1,"column":33}},"1":{"start":{"line":2,"column":0},"end":{"line":2,"column":53}},"2":{"start":{"line":3,"column":0},"end":{"line":3,"column":65}},"3":{"start":{"line":4,"column":0},"end":{"line":4,"column":45}},"4":{"start":{"line":6,"column":13},"end":{"line":6,"column":40}},"5":{"start":{"line":9,"column":0},"end":{"line":14,"column":2}},"6":{"start":{"line":17,"column":0},"end":{"line":23,"column":2}},"7":{"start":{"line":26,"column":0},"end":{"line":31,"column":2}},"8":{"start":{"line":34,"column":0},"end":{"line":40,"column":2}},"9":{"start":{"line":43,"column":0},"end":{"line":48,"column":2}}},"fnMap":{},"branchMap":{},"s":{"0":1,"1":1,"2":1,"3":1,"4":1,"5":1,"6":1,"7":1,"8":1,"9":1},"f":{},"b":{}}
,"C:\\Universidad\\Semestre VII\\Compunet III\\Aromalife-ADN\\src\\routes\\gift.route.ts": {"path":"C:\\Universidad\\Semestre VII\\Compunet III\\Aromalife-ADN\\src\\routes\\gift.route.ts","statementMap":{"0":{"start":{"line":1,"column":0},"end":{"line":1,"column":33}},"1":{"start":{"line":2,"column":0},"end":{"line":2,"column":48}},"2":{"start":{"line":3,"column":0},"end":{"line":3,"column":65}},"3":{"start":{"line":4,"column":0},"end":{"line":4,"column":40}},"4":{"start":{"line":6,"column":13},"end":{"line":6,"column":35}},"5":{"start":{"line":9,"column":0},"end":{"line":14,"column":2}},"6":{"start":{"line":17,"column":0},"end":{"line":23,"column":2}},"7":{"start":{"line":26,"column":0},"end":{"line":31,"column":2}},"8":{"start":{"line":34,"column":0},"end":{"line":40,"column":2}},"9":{"start":{"line":43,"column":0},"end":{"line":48,"column":2}}},"fnMap":{},"branchMap":{},"s":{"0":1,"1":1,"2":1,"3":1,"4":1,"5":1,"6":1,"7":1,"8":1,"9":1},"f":{},"b":{}}
,"C:\\Universidad\\Semestre VII\\Compunet III\\Aromalife-ADN\\src\\routes\\user.route.ts": {"path":"C:\\Universidad\\Semestre VII\\Compunet III\\Aromalife-ADN\\src\\routes\\user.route.ts","statementMap":{"0":{"start":{"line":1,"column":0},"end":{"line":1,"column":33}},"1":{"start":{"line":2,"column":0},"end":{"line":2,"column":48}},"2":{"start":{"line":3,"column":0},"end":{"line":3,"column":65}},"3":{"start":{"line":4,"column":0},"end":{"line":4,"column":53}},"4":{"start":{"line":6,"column":13},"end":{"line":6,"column":35}},"5":{"start":{"line":8,"column":0},"end":{"line":8,"column":76}},"6":{"start":{"line":10,"column":0},"end":{"line":16,"column":2}},"7":{"start":{"line":18,"column":0},"end":{"line":23,"column":2}},"8":{"start":{"line":25,"column":0},"end":{"line":30,"column":2}},"9":{"start":{"line":31,"column":0},"end":{"line":31,"column":79}},"10":{"start":{"line":33,"column":0},"end":{"line":38,"column":2}},"11":{"start":{"line":40,"column":0},"end":{"line":40,"column":77}}},"fnMap":{},"branchMap":{},"s":{"0":1,"1":1,"2":1,"3":1,"4":1,"5":1,"6":1,"7":1,"8":1,"9":1,"10":1,"11":1},"f":{},"b":{}}
,"C:\\Universidad\\Semestre VII\\Compunet III\\Aromalife-ADN\\src\\schemas\\candle.schema.ts": {"path":"C:\\Universidad\\Semestre VII\\Compunet III\\Aromalife-ADN\\src\\schemas\\candle.schema.ts","statementMap":{"0":{"start":{"line":1,"column":0},"end":{"line":1,"column":54}},"1":{"start":{"line":3,"column":13},"end":{"line":21,"column":3}},"2":{"start":{"line":17,"column":21},"end":{"line":17,"column":73}}},"fnMap":{"0":{"name":"(anonymous_0)","decl":{"start":{"line":17,"column":14},"end":{"line":17,"column":17}},"loc":{"start":{"line":17,"column":21},"end":{"line":17,"column":73}}}},"branchMap":{},"s":{"0":8,"1":8,"2":1},"f":{"0":1},"b":{}}
,"C:\\Universidad\\Semestre VII\\Compunet III\\Aromalife-ADN\\src\\schemas\\cart.schema.ts": {"path":"C:\\Universidad\\Semestre VII\\Compunet III\\Aromalife-ADN\\src\\schemas\\cart.schema.ts","statementMap":{"0":{"start":{"line":1,"column":0},"end":{"line":1,"column":52}},"1":{"start":{"line":3,"column":13},"end":{"line":12,"column":3}},"2":{"start":{"line":14,"column":13},"end":{"line":23,"column":3}},"3":{"start":{"line":25,"column":13},"end":{"line":31,"column":3}}},"fnMap":{},"branchMap":{},"s":{"0":8,"1":8,"2":8,"3":8},"f":{},"b":{}}
,"C:\\Universidad\\Semestre VII\\Compunet III\\Aromalife-ADN\\src\\schemas\\container.schema.ts": {"path":"C:\\Universidad\\Semestre VII\\Compunet III\\Aromalife-ADN\\src\\schemas\\container.schema.ts","statementMap":{"0":{"start":{"line":1,"column":0},"end":{"line":1,"column":45}},"1":{"start":{"line":3,"column":13},"end":{"line":24,"column":3}}},"fnMap":{},"branchMap":{},"s":{"0":8,"1":8},"f":{},"b":{}}
,"C:\\Universidad\\Semestre VII\\Compunet III\\Aromalife-ADN\\src\\schemas\\fragrance.schema.ts": {"path":"C:\\Universidad\\Semestre VII\\Compunet III\\Aromalife-ADN\\src\\schemas\\fragrance.schema.ts","statementMap":{"0":{"start":{"line":1,"column":0},"end":{"line":1,"column":45}},"1":{"start":{"line":3,"column":13},"end":{"line":16,"column":3}}},"fnMap":{},"branchMap":{},"s":{"0":8,"1":8},"f":{},"b":{}}
,"C:\\Universidad\\Semestre VII\\Compunet III\\Aromalife-ADN\\src\\schemas\\gift.schema.ts": {"path":"C:\\Universidad\\Semestre VII\\Compunet III\\Aromalife-ADN\\src\\schemas\\gift.schema.ts","statementMap":{"0":{"start":{"line":1,"column":0},"end":{"line":1,"column":45}},"1":{"start":{"line":3,"column":13},"end":{"line":14,"column":3}}},"fnMap":{},"branchMap":{},"s":{"0":8,"1":8},"f":{},"b":{}}
,"C:\\Universidad\\Semestre VII\\Compunet III\\Aromalife-ADN\\src\\schemas\\index.ts": {"path":"C:\\Universidad\\Semestre VII\\Compunet III\\Aromalife-ADN\\src\\schemas\\index.ts","statementMap":{"0":{"start":{"line":1,"column":0},"end":{"line":1,"column":30}},"1":{"start":{"line":2,"column":0},"end":{"line":2,"column":31}},"2":{"start":{"line":3,"column":0},"end":{"line":3,"column":32}},"3":{"start":{"line":4,"column":0},"end":{"line":4,"column":35}},"4":{"start":{"line":5,"column":0},"end":{"line":5,"column":35}},"5":{"start":{"line":6,"column":0},"end":{"line":6,"column":30}},"6":{"start":{"line":7,"column":0},"end":{"line":7,"column":30}}},"fnMap":{},"branchMap":{},"s":{"0":7,"1":7,"2":7,"3":7,"4":7,"5":7,"6":7},"f":{},"b":{}}
,"C:\\Universidad\\Semestre VII\\Compunet III\\Aromalife-ADN\\src\\schemas\\login.schema.ts": {"path":"C:\\Universidad\\Semestre VII\\Compunet III\\Aromalife-ADN\\src\\schemas\\login.schema.ts","statementMap":{"0":{"start":{"line":1,"column":0},"end":{"line":1,"column":37}},"1":{"start":{"line":3,"column":13},"end":{"line":11,"column":3}}},"fnMap":{},"branchMap":{},"s":{"0":7,"1":7},"f":{},"b":{}}
,"C:\\Universidad\\Semestre VII\\Compunet III\\Aromalife-ADN\\src\\schemas\\user.schema.ts": {"path":"C:\\Universidad\\Semestre VII\\Compunet III\\Aromalife-ADN\\src\\schemas\\user.schema.ts","statementMap":{"0":{"start":{"line":1,"column":0},"end":{"line":1,"column":52}},"1":{"start":{"line":3,"column":13},"end":{"line":23,"column":3}},"2":{"start":{"line":17,"column":16},"end":{"line":17,"column":66}}},"fnMap":{"0":{"name":"(anonymous_0)","decl":{"start":{"line":17,"column":6},"end":{"line":17,"column":7}},"loc":{"start":{"line":17,"column":16},"end":{"line":17,"column":66}}}},"branchMap":{},"s":{"0":7,"1":7,"2":2},"f":{"0":2},"b":{}}
,"C:\\Universidad\\Semestre VII\\Compunet III\\Aromalife-ADN\\src\\services\\candle.service.ts": {"path":"C:\\Universidad\\Semestre VII\\Compunet III\\Aromalife-ADN\\src\\services\\candle.service.ts","statementMap":{"0":{"start":{"line":1,"column":0},"end":{"line":1,"column":null}},"1":{"start":{"line":6,"column":0},"end":{"line":6,"column":70}},"2":{"start":{"line":13,"column":4},"end":{"line":29,"column":5}},"3":{"start":{"line":15,"column":30},"end":{"line":15,"column":77}},"4":{"start":{"line":16,"column":6},"end":{"line":16,"column":76}},"5":{"start":{"line":16,"column":28},"end":{"line":16,"column":76}},"6":{"start":{"line":19,"column":30},"end":{"line":19,"column":77}},"7":{"start":{"line":20,"column":6},"end":{"line":20,"column":76}},"8":{"start":{"line":20,"column":28},"end":{"line":20,"column":76}},"9":{"start":{"line":22,"column":25},"end":{"line":22,"column":62}},"10":{"start":{"line":23,"column":6},"end":{"line":23,"column":66}},"11":{"start":{"line":23,"column":23},"end":{"line":23,"column":66}},"12":{"start":{"line":25,"column":28},"end":{"line":25,"column":71}},"13":{"start":{"line":26,"column":6},"end":{"line":26,"column":27}},"14":{"start":{"line":28,"column":6},"end":{"line":28,"column":18}},"15":{"start":{"line":36,"column":4},"end":{"line":47,"column":5}},"16":{"start":{"line":37,"column":28},"end":{"line":37,"column":71}},"17":{"start":{"line":38,"column":6},"end":{"line":44,"column":7}},"18":{"start":{"line":39,"column":8},"end":{"line":39,"column":62}},"19":{"start":{"line":41,"column":8},"end":{"line":42,"column":35}},"20":{"start":{"line":43,"column":8},"end":{"line":43,"column":29}},"21":{"start":{"line":46,"column":6},"end":{"line":46,"column":18}},"22":{"start":{"line":52,"column":4},"end":{"line":58,"column":5}},"23":{"start":{"line":54,"column":8},"end":{"line":54,"column":45}},"24":{"start":{"line":55,"column":6},"end":{"line":55,"column":21}},"25":{"start":{"line":57,"column":6},"end":{"line":57,"column":18}},"26":{"start":{"line":66,"column":4},"end":{"line":76,"column":5}},"27":{"start":{"line":67,"column":28},"end":{"line":70,"column":null}},"28":{"start":{"line":72,"column":6},"end":{"line":72,"column":80}},"29":{"start":{"line":72,"column":26},"end":{"line":72,"column":80}},"30":{"start":{"line":73,"column":6},"end":{"line":73,"column":27}},"31":{"start":{"line":75,"column":6},"end":{"line":75,"column":18}},"32":{"start":{"line":81,"column":4},"end":{"line":89,"column":5}},"33":{"start":{"line":82,"column":28},"end":{"line":83,"column":null}},"34":{"start":{"line":85,"column":6},"end":{"line":85,"column":80}},"35":{"start":{"line":85,"column":26},"end":{"line":85,"column":80}},"36":{"start":{"line":86,"column":6},"end":{"line":86,"column":27}},"37":{"start":{"line":88,"column":6},"end":{"line":88,"column":18}},"38":{"start":{"line":93,"column":13},"end":{"line":93,"column":69}}},"fnMap":{"0":{"name":"(anonymous_7)","decl":{"start":{"line":10,"column":15},"end":{"line":10,"column":21}},"loc":{"start":{"line":11,"column":34},"end":{"line":30,"column":null}}},"1":{"name":"(anonymous_9)","decl":{"start":{"line":33,"column":15},"end":{"line":33,"column":23}},"loc":{"start":{"line":34,"column":14},"end":{"line":48,"column":null}}},"2":{"name":"(anonymous_11)","decl":{"start":{"line":51,"column":15},"end":{"line":51,"column":22}},"loc":{"start":{"line":51,"column":22},"end":{"line":59,"column":null}}},"3":{"name":"(anonymous_13)","decl":{"start":{"line":62,"column":15},"end":{"line":62,"column":21}},"loc":{"start":{"line":64,"column":39},"end":{"line":77,"column":null}}},"4":{"name":"(anonymous_15)","decl":{"start":{"line":80,"column":15},"end":{"line":80,"column":21}},"loc":{"start":{"line":80,"column":32},"end":{"line":90,"column":null}}}},"branchMap":{"0":{"loc":{"start":{"line":16,"column":6},"end":{"line":16,"column":76}},"type":"if","locations":[{"start":{"line":16,"column":6},"end":{"line":16,"column":76}}]},"1":{"loc":{"start":{"line":20,"column":6},"end":{"line":20,"column":76}},"type":"if","locations":[{"start":{"line":20,"column":6},"end":{"line":20,"column":76}}]},"2":{"loc":{"start":{"line":23,"column":6},"end":{"line":23,"column":66}},"type":"if","locations":[{"start":{"line":23,"column":6},"end":{"line":23,"column":66}}]},"3":{"loc":{"start":{"line":38,"column":6},"end":{"line":44,"column":7}},"type":"if","locations":[{"start":{"line":38,"column":6},"end":{"line":44,"column":7}},{"start":{"line":40,"column":13},"end":{"line":44,"column":7}}]},"4":{"loc":{"start":{"line":72,"column":6},"end":{"line":72,"column":80}},"type":"if","locations":[{"start":{"line":72,"column":6},"end":{"line":72,"column":80}}]},"5":{"loc":{"start":{"line":85,"column":6},"end":{"line":85,"column":80}},"type":"if","locations":[{"start":{"line":85,"column":6},"end":{"line":85,"column":80}}]}},"s":{"0":18,"1":18,"2":2,"3":2,"4":2,"5":1,"6":1,"7":1,"8":0,"9":1,"10":1,"11":0,"12":1,"13":1,"14":1,"15":2,"16":2,"17":2,"18":1,"19":1,"20":1,"21":1,"22":0,"23":0,"24":0,"25":0,"26":2,"27":2,"28":2,"29":1,"30":1,"31":1,"32":2,"33":2,"34":2,"35":1,"36":1,"37":1,"38":18},"f":{"0":2,"1":2,"2":0,"3":2,"4":2},"b":{"0":[1],"1":[0],"2":[0],"3":[1,1],"4":[1],"5":[1]}}
,"C:\\Universidad\\Semestre VII\\Compunet III\\Aromalife-ADN\\src\\services\\cart.service.ts": {"path":"C:\\Universidad\\Semestre VII\\Compunet III\\Aromalife-ADN\\src\\services\\cart.service.ts","statementMap":{"0":{"start":{"line":1,"column":0},"end":{"line":1,"column":52}},"1":{"start":{"line":3,"column":0},"end":{"line":3,"column":75}},"2":{"start":{"line":7,"column":4},"end":{"line":38,"column":5}},"3":{"start":{"line":9,"column":25},"end":{"line":9,"column":74}},"4":{"start":{"line":10,"column":6},"end":{"line":12,"column":7}},"5":{"start":{"line":11,"column":8},"end":{"line":11,"column":75}},"6":{"start":{"line":15,"column":6},"end":{"line":22,"column":7}},"7":{"start":{"line":16,"column":29},"end":{"line":18,"column":10}},"8":{"start":{"line":19,"column":8},"end":{"line":21,"column":9}},"9":{"start":{"line":20,"column":10},"end":{"line":20,"column":76}},"10":{"start":{"line":25,"column":6},"end":{"line":32,"column":7}},"11":{"start":{"line":26,"column":8},"end":{"line":31,"column":9}},"12":{"start":{"line":27,"column":29},"end":{"line":27,"column":73}},"13":{"start":{"line":28,"column":10},"end":{"line":30,"column":11}},"14":{"start":{"line":29,"column":12},"end":{"line":29,"column":74}},"15":{"start":{"line":34,"column":33},"end":{"line":34,"column":66}},"16":{"start":{"line":35,"column":6},"end":{"line":35,"column":18}},"17":{"start":{"line":37,"column":6},"end":{"line":37,"column":18}},"18":{"start":{"line":42,"column":4},"end":{"line":47,"column":5}},"19":{"start":{"line":43,"column":36},"end":{"line":43,"column":58}},"20":{"start":{"line":44,"column":6},"end":{"line":44,"column":19}},"21":{"start":{"line":46,"column":6},"end":{"line":46,"column":18}},"22":{"start":{"line":51,"column":4},"end":{"line":56,"column":5}},"23":{"start":{"line":52,"column":40},"end":{"line":52,"column":68}},"24":{"start":{"line":53,"column":6},"end":{"line":53,"column":18}},"25":{"start":{"line":55,"column":6},"end":{"line":55,"column":18}},"26":{"start":{"line":63,"column":4},"end":{"line":94,"column":5}},"27":{"start":{"line":65,"column":6},"end":{"line":74,"column":7}},"28":{"start":{"line":66,"column":8},"end":{"line":73,"column":9}},"29":{"start":{"line":67,"column":31},"end":{"line":69,"column":12}},"30":{"start":{"line":70,"column":10},"end":{"line":72,"column":11}},"31":{"start":{"line":71,"column":12},"end":{"line":71,"column":78}},"32":{"start":{"line":77,"column":6},"end":{"line":84,"column":7}},"33":{"start":{"line":78,"column":8},"end":{"line":83,"column":9}},"34":{"start":{"line":79,"column":29},"end":{"line":79,"column":73}},"35":{"start":{"line":80,"column":10},"end":{"line":82,"column":11}},"36":{"start":{"line":81,"column":12},"end":{"line":81,"column":74}},"37":{"start":{"line":86,"column":40},"end":{"line":89,"column":null}},"38":{"start":{"line":91,"column":6},"end":{"line":91,"column":18}},"39":{"start":{"line":93,"column":6},"end":{"line":93,"column":18}},"40":{"start":{"line":98,"column":4},"end":{"line":103,"column":5}},"41":{"start":{"line":99,"column":40},"end":{"line":99,"column":77}},"42":{"start":{"line":100,"column":6},"end":{"line":100,"column":18}},"43":{"start":{"line":102,"column":6},"end":{"line":102,"column":18}},"44":{"start":{"line":107,"column":13},"end":{"line":107,"column":45}}},"fnMap":{"0":{"name":"(anonymous_7)","decl":{"start":{"line":6,"column":15},"end":{"line":6,"column":21}},"loc":{"start":{"line":6,"column":42},"end":{"line":39,"column":null}}},"1":{"name":"(anonymous_9)","decl":{"start":{"line":41,"column":15},"end":{"line":41,"column":22}},"loc":{"start":{"line":41,"column":22},"end":{"line":48,"column":null}}},"2":{"name":"(anonymous_11)","decl":{"start":{"line":50,"column":15},"end":{"line":50,"column":23}},"loc":{"start":{"line":50,"column":34},"end":{"line":57,"column":null}}},"3":{"name":"(anonymous_13)","decl":{"start":{"line":59,"column":15},"end":{"line":59,"column":21}},"loc":{"start":{"line":61,"column":30},"end":{"line":95,"column":null}}},"4":{"name":"(anonymous_15)","decl":{"start":{"line":97,"column":15},"end":{"line":97,"column":21}},"loc":{"start":{"line":97,"column":32},"end":{"line":104,"column":null}}}},"branchMap":{"0":{"loc":{"start":{"line":10,"column":6},"end":{"line":12,"column":7}},"type":"if","locations":[{"start":{"line":10,"column":6},"end":{"line":12,"column":7}}]},"1":{"loc":{"start":{"line":19,"column":8},"end":{"line":21,"column":9}},"type":"if","locations":[{"start":{"line":19,"column":8},"end":{"line":21,"column":9}}]},"2":{"loc":{"start":{"line":25,"column":6},"end":{"line":32,"column":7}},"type":"if","locations":[{"start":{"line":25,"column":6},"end":{"line":32,"column":7}}]},"3":{"loc":{"start":{"line":28,"column":10},"end":{"line":30,"column":11}},"type":"if","locations":[{"start":{"line":28,"column":10},"end":{"line":30,"column":11}}]},"4":{"loc":{"start":{"line":65,"column":6},"end":{"line":74,"column":7}},"type":"if","locations":[{"start":{"line":65,"column":6},"end":{"line":74,"column":7}}]},"5":{"loc":{"start":{"line":70,"column":10},"end":{"line":72,"column":11}},"type":"if","locations":[{"start":{"line":70,"column":10},"end":{"line":72,"column":11}}]},"6":{"loc":{"start":{"line":77,"column":6},"end":{"line":84,"column":7}},"type":"if","locations":[{"start":{"line":77,"column":6},"end":{"line":84,"column":7}}]},"7":{"loc":{"start":{"line":80,"column":10},"end":{"line":82,"column":11}},"type":"if","locations":[{"start":{"line":80,"column":10},"end":{"line":82,"column":11}}]}},"s":{"0":18,"1":18,"2":2,"3":2,"4":2,"5":1,"6":1,"7":1,"8":1,"9":0,"10":1,"11":0,"12":0,"13":0,"14":0,"15":1,"16":1,"17":1,"18":0,"19":0,"20":0,"21":0,"22":0,"23":0,"24":0,"25":0,"26":2,"27":2,"28":2,"29":2,"30":2,"31":1,"32":1,"33":0,"34":0,"35":0,"36":0,"37":1,"38":1,"39":1,"40":2,"41":2,"42":2,"43":0,"44":18},"f":{"0":2,"1":0,"2":0,"3":2,"4":2},"b":{"0":[1],"1":[0],"2":[0],"3":[0],"4":[2],"5":[1],"6":[0],"7":[0]}}
,"C:\\Universidad\\Semestre VII\\Compunet III\\Aromalife-ADN\\src\\services\\container.service.ts": {"path":"C:\\Universidad\\Semestre VII\\Compunet III\\Aromalife-ADN\\src\\services\\container.service.ts","statementMap":{"0":{"start":{"line":1,"column":0},"end":{"line":1,"column":62}},"1":{"start":{"line":6,"column":4},"end":{"line":16,"column":5}},"2":{"start":{"line":7,"column":56},"end":{"line":7,"column":98}},"3":{"start":{"line":8,"column":12},"end":{"line":10,"column":13}},"4":{"start":{"line":9,"column":14},"end":{"line":9,"column":67}},"5":{"start":{"line":12,"column":43},"end":{"line":12,"column":86}},"6":{"start":{"line":13,"column":6},"end":{"line":13,"column":23}},"7":{"start":{"line":15,"column":6},"end":{"line":15,"column":18}},"8":{"start":{"line":20,"column":6},"end":{"line":25,"column":7}},"9":{"start":{"line":21,"column":26},"end":{"line":21,"column":64}},"10":{"start":{"line":22,"column":8},"end":{"line":22,"column":25}},"11":{"start":{"line":24,"column":8},"end":{"line":24,"column":20}},"12":{"start":{"line":29,"column":4},"end":{"line":34,"column":5}},"13":{"start":{"line":30,"column":46},"end":{"line":30,"column":73}},"14":{"start":{"line":31,"column":6},"end":{"line":31,"column":24}},"15":{"start":{"line":33,"column":6},"end":{"line":33,"column":18}},"16":{"start":{"line":38,"column":4},"end":{"line":43,"column":5}},"17":{"start":{"line":39,"column":50},"end":{"line":39,"column":83}},"18":{"start":{"line":40,"column":6},"end":{"line":40,"column":23}},"19":{"start":{"line":42,"column":6},"end":{"line":42,"column":18}},"20":{"start":{"line":47,"column":4},"end":{"line":56,"column":5}},"21":{"start":{"line":48,"column":50},"end":{"line":51,"column":null}},"22":{"start":{"line":53,"column":6},"end":{"line":53,"column":23}},"23":{"start":{"line":55,"column":6},"end":{"line":55,"column":18}},"24":{"start":{"line":60,"column":4},"end":{"line":65,"column":5}},"25":{"start":{"line":61,"column":50},"end":{"line":61,"column":92}},"26":{"start":{"line":62,"column":6},"end":{"line":62,"column":23}},"27":{"start":{"line":64,"column":6},"end":{"line":64,"column":18}},"28":{"start":{"line":69,"column":13},"end":{"line":69,"column":55}}},"fnMap":{"0":{"name":"(anonymous_7)","decl":{"start":{"line":5,"column":15},"end":{"line":5,"column":21}},"loc":{"start":{"line":5,"column":52},"end":{"line":17,"column":null}}},"1":{"name":"(anonymous_9)","decl":{"start":{"line":19,"column":15},"end":{"line":19,"column":25}},"loc":{"start":{"line":19,"column":38},"end":{"line":26,"column":null}}},"2":{"name":"(anonymous_11)","decl":{"start":{"line":28,"column":15},"end":{"line":28,"column":22}},"loc":{"start":{"line":28,"column":22},"end":{"line":35,"column":null}}},"3":{"name":"(anonymous_13)","decl":{"start":{"line":37,"column":15},"end":{"line":37,"column":23}},"loc":{"start":{"line":37,"column":34},"end":{"line":44,"column":null}}},"4":{"name":"(anonymous_15)","decl":{"start":{"line":46,"column":15},"end":{"line":46,"column":21}},"loc":{"start":{"line":46,"column":70},"end":{"line":57,"column":null}}},"5":{"name":"(anonymous_17)","decl":{"start":{"line":59,"column":15},"end":{"line":59,"column":21}},"loc":{"start":{"line":59,"column":32},"end":{"line":66,"column":null}}}},"branchMap":{"0":{"loc":{"start":{"line":8,"column":12},"end":{"line":10,"column":13}},"type":"if","locations":[{"start":{"line":8,"column":12},"end":{"line":10,"column":13}}]}},"s":{"0":18,"1":1,"2":1,"3":0,"4":0,"5":0,"6":0,"7":1,"8":1,"9":1,"10":0,"11":1,"12":1,"13":1,"14":1,"15":0,"16":2,"17":2,"18":2,"19":0,"20":2,"21":2,"22":2,"23":0,"24":2,"25":2,"26":2,"27":0,"28":18},"f":{"0":1,"1":1,"2":1,"3":2,"4":2,"5":2},"b":{"0":[0]}}
,"C:\\Universidad\\Semestre VII\\Compunet III\\Aromalife-ADN\\src\\services\\fragrance.service.ts": {"path":"C:\\Universidad\\Semestre VII\\Compunet III\\Aromalife-ADN\\src\\services\\fragrance.service.ts","statementMap":{"0":{"start":{"line":1,"column":0},"end":{"line":1,"column":62}},"1":{"start":{"line":6,"column":4},"end":{"line":17,"column":5}},"2":{"start":{"line":8,"column":56},"end":{"line":8,"column":98}},"3":{"start":{"line":9,"column":18},"end":{"line":11,"column":19}},"4":{"start":{"line":10,"column":20},"end":{"line":10,"column":73}},"5":{"start":{"line":13,"column":43},"end":{"line":13,"column":86}},"6":{"start":{"line":14,"column":6},"end":{"line":14,"column":23}},"7":{"start":{"line":16,"column":6},"end":{"line":16,"column":18}},"8":{"start":{"line":21,"column":8},"end":{"line":26,"column":9}},"9":{"start":{"line":22,"column":28},"end":{"line":22,"column":66}},"10":{"start":{"line":23,"column":10},"end":{"line":23,"column":27}},"11":{"start":{"line":25,"column":10},"end":{"line":25,"column":22}},"12":{"start":{"line":30,"column":4},"end":{"line":35,"column":5}},"13":{"start":{"line":31,"column":46},"end":{"line":31,"column":73}},"14":{"start":{"line":32,"column":6},"end":{"line":32,"column":24}},"15":{"start":{"line":34,"column":6},"end":{"line":34,"column":18}},"16":{"start":{"line":39,"column":4},"end":{"line":44,"column":5}},"17":{"start":{"line":40,"column":50},"end":{"line":40,"column":83}},"18":{"start":{"line":41,"column":6},"end":{"line":41,"column":23}},"19":{"start":{"line":43,"column":6},"end":{"line":43,"column":18}},"20":{"start":{"line":48,"column":4},"end":{"line":57,"column":5}},"21":{"start":{"line":49,"column":50},"end":{"line":52,"column":null}},"22":{"start":{"line":54,"column":6},"end":{"line":54,"column":23}},"23":{"start":{"line":56,"column":6},"end":{"line":56,"column":18}},"24":{"start":{"line":61,"column":4},"end":{"line":66,"column":5}},"25":{"start":{"line":62,"column":50},"end":{"line":62,"column":92}},"26":{"start":{"line":63,"column":6},"end":{"line":63,"column":23}},"27":{"start":{"line":65,"column":6},"end":{"line":65,"column":18}},"28":{"start":{"line":70,"column":13},"end":{"line":70,"column":55}}},"fnMap":{"0":{"name":"(anonymous_7)","decl":{"start":{"line":5,"column":15},"end":{"line":5,"column":21}},"loc":{"start":{"line":5,"column":52},"end":{"line":18,"column":null}}},"1":{"name":"(anonymous_9)","decl":{"start":{"line":20,"column":15},"end":{"line":20,"column":25}},"loc":{"start":{"line":20,"column":38},"end":{"line":27,"column":null}}},"2":{"name":"(anonymous_11)","decl":{"start":{"line":29,"column":15},"end":{"line":29,"column":22}},"loc":{"start":{"line":29,"column":22},"end":{"line":36,"column":null}}},"3":{"name":"(anonymous_13)","decl":{"start":{"line":38,"column":15},"end":{"line":38,"column":23}},"loc":{"start":{"line":38,"column":34},"end":{"line":45,"column":null}}},"4":{"name":"(anonymous_15)","decl":{"start":{"line":47,"column":15},"end":{"line":47,"column":21}},"loc":{"start":{"line":47,"column":70},"end":{"line":58,"column":null}}},"5":{"name":"(anonymous_17)","decl":{"start":{"line":60,"column":15},"end":{"line":60,"column":21}},"loc":{"start":{"line":60,"column":32},"end":{"line":67,"column":null}}}},"branchMap":{"0":{"loc":{"start":{"line":9,"column":18},"end":{"line":11,"column":19}},"type":"if","locations":[{"start":{"line":9,"column":18},"end":{"line":11,"column":19}}]}},"s":{"0":18,"1":1,"2":1,"3":0,"4":0,"5":0,"6":0,"7":1,"8":1,"9":1,"10":0,"11":1,"12":1,"13":1,"14":1,"15":0,"16":1,"17":1,"18":1,"19":0,"20":1,"21":1,"22":1,"23":0,"24":1,"25":1,"26":1,"27":0,"28":18},"f":{"0":1,"1":1,"2":1,"3":1,"4":1,"5":1},"b":{"0":[0]}}
,"C:\\Universidad\\Semestre VII\\Compunet III\\Aromalife-ADN\\src\\services\\gift.service.ts": {"path":"C:\\Universidad\\Semestre VII\\Compunet III\\Aromalife-ADN\\src\\services\\gift.service.ts","statementMap":{"0":{"start":{"line":1,"column":0},"end":{"line":1,"column":52}},"1":{"start":{"line":6,"column":4},"end":{"line":11,"column":5}},"2":{"start":{"line":7,"column":33},"end":{"line":7,"column":66}},"3":{"start":{"line":8,"column":6},"end":{"line":8,"column":18}},"4":{"start":{"line":10,"column":6},"end":{"line":10,"column":18}},"5":{"start":{"line":15,"column":4},"end":{"line":20,"column":5}},"6":{"start":{"line":16,"column":36},"end":{"line":16,"column":58}},"7":{"start":{"line":17,"column":6},"end":{"line":17,"column":19}},"8":{"start":{"line":19,"column":6},"end":{"line":19,"column":18}},"9":{"start":{"line":24,"column":4},"end":{"line":29,"column":5}},"10":{"start":{"line":25,"column":40},"end":{"line":25,"column":68}},"11":{"start":{"line":26,"column":6},"end":{"line":26,"column":18}},"12":{"start":{"line":28,"column":6},"end":{"line":28,"column":18}},"13":{"start":{"line":33,"column":4},"end":{"line":42,"column":5}},"14":{"start":{"line":34,"column":40},"end":{"line":37,"column":null}},"15":{"start":{"line":39,"column":6},"end":{"line":39,"column":18}},"16":{"start":{"line":41,"column":6},"end":{"line":41,"column":18}},"17":{"start":{"line":46,"column":4},"end":{"line":51,"column":5}},"18":{"start":{"line":47,"column":40},"end":{"line":47,"column":77}},"19":{"start":{"line":48,"column":6},"end":{"line":48,"column":18}},"20":{"start":{"line":50,"column":6},"end":{"line":50,"column":18}},"21":{"start":{"line":55,"column":13},"end":{"line":55,"column":45}}},"fnMap":{"0":{"name":"(anonymous_7)","decl":{"start":{"line":5,"column":15},"end":{"line":5,"column":21}},"loc":{"start":{"line":5,"column":42},"end":{"line":12,"column":null}}},"1":{"name":"(anonymous_9)","decl":{"start":{"line":14,"column":15},"end":{"line":14,"column":22}},"loc":{"start":{"line":14,"column":22},"end":{"line":21,"column":null}}},"2":{"name":"(anonymous_11)","decl":{"start":{"line":23,"column":15},"end":{"line":23,"column":23}},"loc":{"start":{"line":23,"column":34},"end":{"line":30,"column":null}}},"3":{"name":"(anonymous_13)","decl":{"start":{"line":32,"column":15},"end":{"line":32,"column":21}},"loc":{"start":{"line":32,"column":63},"end":{"line":43,"column":null}}},"4":{"name":"(anonymous_15)","decl":{"start":{"line":45,"column":15},"end":{"line":45,"column":21}},"loc":{"start":{"line":45,"column":32},"end":{"line":52,"column":null}}}},"branchMap":{},"s":{"0":18,"1":1,"2":1,"3":1,"4":0,"5":1,"6":1,"7":1,"8":0,"9":1,"10":1,"11":1,"12":0,"13":1,"14":1,"15":1,"16":0,"17":1,"18":1,"19":1,"20":0,"21":18},"f":{"0":1,"1":1,"2":1,"3":1,"4":1},"b":{}}
,"C:\\Universidad\\Semestre VII\\Compunet III\\Aromalife-ADN\\src\\services\\index.ts": {"path":"C:\\Universidad\\Semestre VII\\Compunet III\\Aromalife-ADN\\src\\services\\index.ts","statementMap":{"0":{"start":{"line":1,"column":0},"end":{"line":1,"column":31}},"1":{"start":{"line":2,"column":0},"end":{"line":2,"column":33}},"2":{"start":{"line":3,"column":0},"end":{"line":3,"column":36}},"3":{"start":{"line":4,"column":0},"end":{"line":4,"column":36}},"4":{"start":{"line":5,"column":0},"end":{"line":5,"column":31}},"5":{"start":{"line":6,"column":0},"end":{"line":6,"column":31}}},"fnMap":{},"branchMap":{},"s":{"0":18,"1":18,"2":18,"3":18,"4":18,"5":18},"f":{},"b":{}}
,"C:\\Universidad\\Semestre VII\\Compunet III\\Aromalife-ADN\\src\\services\\user.service.ts": {"path":"C:\\Universidad\\Semestre VII\\Compunet III\\Aromalife-ADN\\src\\services\\user.service.ts","statementMap":{"0":{"start":{"line":1,"column":0},"end":{"line":1,"column":52}},"1":{"start":{"line":8,"column":0},"end":{"line":8,"column":42}},"2":{"start":{"line":9,"column":0},"end":{"line":9,"column":28}},"3":{"start":{"line":10,"column":0},"end":{"line":10,"column":31}},"4":{"start":{"line":14,"column":4},"end":{"line":28,"column":5}},"5":{"start":{"line":15,"column":46},"end":{"line":16,"column":null}},"6":{"start":{"line":18,"column":6},"end":{"line":20,"column":7}},"7":{"start":{"line":19,"column":8},"end":{"line":19,"column":56}},"8":{"start":{"line":21,"column":6},"end":{"line":22,"column":71}},"9":{"start":{"line":22,"column":8},"end":{"line":22,"column":71}},"10":{"start":{"line":24,"column":33},"end":{"line":24,"column":66}},"11":{"start":{"line":25,"column":6},"end":{"line":25,"column":18}},"12":{"start":{"line":27,"column":6},"end":{"line":27,"column":18}},"13":{"start":{"line":32,"column":4},"end":{"line":37,"column":5}},"14":{"start":{"line":33,"column":19},"end":{"line":33,"column":53}},"15":{"start":{"line":34,"column":6},"end":{"line":34,"column":18}},"16":{"start":{"line":36,"column":6},"end":{"line":36,"column":18}},"17":{"start":{"line":41,"column":4},"end":{"line":46,"column":5}},"18":{"start":{"line":42,"column":36},"end":{"line":42,"column":58}},"19":{"start":{"line":43,"column":6},"end":{"line":43,"column":19}},"20":{"start":{"line":45,"column":6},"end":{"line":45,"column":18}},"21":{"start":{"line":50,"column":4},"end":{"line":55,"column":5}},"22":{"start":{"line":51,"column":40},"end":{"line":51,"column":68}},"23":{"start":{"line":52,"column":6},"end":{"line":52,"column":18}},"24":{"start":{"line":54,"column":6},"end":{"line":54,"column":18}},"25":{"start":{"line":62,"column":4},"end":{"line":72,"column":5}},"26":{"start":{"line":63,"column":40},"end":{"line":66,"column":null}},"27":{"start":{"line":68,"column":6},"end":{"line":68,"column":35}},"28":{"start":{"line":68,"column":16},"end":{"line":68,"column":35}},"29":{"start":{"line":69,"column":6},"end":{"line":69,"column":18}},"30":{"start":{"line":71,"column":6},"end":{"line":71,"column":18}},"31":{"start":{"line":76,"column":4},"end":{"line":81,"column":5}},"32":{"start":{"line":77,"column":40},"end":{"line":77,"column":77}},"33":{"start":{"line":78,"column":6},"end":{"line":78,"column":18}},"34":{"start":{"line":80,"column":6},"end":{"line":80,"column":18}},"35":{"start":{"line":87,"column":4},"end":{"line":114,"column":5}},"36":{"start":{"line":88,"column":46},"end":{"line":89,"column":null}},"37":{"start":{"line":91,"column":6},"end":{"line":93,"column":7}},"38":{"start":{"line":92,"column":8},"end":{"line":92,"column":58}},"39":{"start":{"line":94,"column":31},"end":{"line":96,"column":null}},"40":{"start":{"line":98,"column":6},"end":{"line":101,"column":7}},"41":{"start":{"line":99,"column":8},"end":{"line":99,"column":58}},"42":{"start":{"line":100,"column":8},"end":{"line":100,"column":38}},"43":{"start":{"line":102,"column":6},"end":{"line":111,"column":8}},"44":{"start":{"line":113,"column":6},"end":{"line":113,"column":18}},"45":{"start":{"line":118,"column":4},"end":{"line":133,"column":5}},"46":{"start":{"line":119,"column":6},"end":{"line":130,"column":8}},"47":{"start":{"line":132,"column":6},"end":{"line":132,"column":18}},"48":{"start":{"line":137,"column":13},"end":{"line":137,"column":45}}},"fnMap":{"0":{"name":"(anonymous_8)","decl":{"start":{"line":13,"column":15},"end":{"line":13,"column":21}},"loc":{"start":{"line":13,"column":42},"end":{"line":29,"column":null}}},"1":{"name":"(anonymous_10)","decl":{"start":{"line":31,"column":15},"end":{"line":31,"column":26}},"loc":{"start":{"line":31,"column":40},"end":{"line":38,"column":null}}},"2":{"name":"(anonymous_12)","decl":{"start":{"line":40,"column":15},"end":{"line":40,"column":22}},"loc":{"start":{"line":40,"column":22},"end":{"line":47,"column":null}}},"3":{"name":"(anonymous_14)","decl":{"start":{"line":49,"column":15},"end":{"line":49,"column":23}},"loc":{"start":{"line":49,"column":34},"end":{"line":56,"column":null}}},"4":{"name":"(anonymous_16)","decl":{"start":{"line":58,"column":15},"end":{"line":58,"column":21}},"loc":{"start":{"line":60,"column":30},"end":{"line":73,"column":null}}},"5":{"name":"(anonymous_18)","decl":{"start":{"line":75,"column":15},"end":{"line":75,"column":21}},"loc":{"start":{"line":75,"column":32},"end":{"line":82,"column":null}}},"6":{"name":"(anonymous_20)","decl":{"start":{"line":84,"column":15},"end":{"line":84,"column":20}},"loc":{"start":{"line":85,"column":24},"end":{"line":115,"column":null}}},"7":{"name":"(anonymous_22)","decl":{"start":{"line":117,"column":9},"end":{"line":117,"column":22}},"loc":{"start":{"line":117,"column":41},"end":{"line":134,"column":3}}}},"branchMap":{"0":{"loc":{"start":{"line":18,"column":6},"end":{"line":20,"column":7}},"type":"if","locations":[{"start":{"line":18,"column":6},"end":{"line":20,"column":7}}]},"1":{"loc":{"start":{"line":21,"column":6},"end":{"line":22,"column":71}},"type":"if","locations":[{"start":{"line":21,"column":6},"end":{"line":22,"column":71}}]},"2":{"loc":{"start":{"line":68,"column":6},"end":{"line":68,"column":35}},"type":"if","locations":[{"start":{"line":68,"column":6},"end":{"line":68,"column":35}}]},"3":{"loc":{"start":{"line":91,"column":6},"end":{"line":93,"column":7}},"type":"if","locations":[{"start":{"line":91,"column":6},"end":{"line":93,"column":7}}]},"4":{"loc":{"start":{"line":98,"column":6},"end":{"line":101,"column":7}},"type":"if","locations":[{"start":{"line":98,"column":6},"end":{"line":101,"column":7}}]},"5":{"loc":{"start":{"line":128,"column":8},"end":{"line":128,"column":42}},"type":"binary-expr","locations":[{"start":{"line":128,"column":8},"end":{"line":128,"column":30}},{"start":{"line":128,"column":34},"end":{"line":128,"column":42}}]}},"s":{"0":18,"1":18,"2":18,"3":18,"4":3,"5":3,"6":3,"7":1,"8":2,"9":2,"10":2,"11":1,"12":2,"13":7,"14":7,"15":6,"16":1,"17":0,"18":0,"19":0,"20":0,"21":3,"22":3,"23":2,"24":1,"25":0,"26":0,"27":0,"28":0,"29":0,"30":0,"31":0,"32":0,"33":0,"34":0,"35":4,"36":4,"37":3,"38":1,"39":2,"40":2,"41":1,"42":0,"43":1,"44":3,"45":1,"46":1,"47":0,"48":18},"f":{"0":3,"1":7,"2":0,"3":3,"4":0,"5":0,"6":4,"7":1},"b":{"0":[1],"1":[2],"2":[0],"3":[1],"4":[1],"5":[1,0]}}
}
