{"C:\\Universidad\\Semestre VII\\Compunet III\\Aromalife-ADN\\src\\exceptions\\auth.exception.ts": {"path":"C:\\Universidad\\Semestre VII\\Compunet III\\Aromalife-ADN\\src\\exceptions\\auth.exception.ts","statementMap":{"0":{"start":{"line":2,"column":4},"end":{"line":2,"column":41}},"1":{"start":{"line":3,"column":4},"end":{"line":3,"column":59}},"2":{"start":{"line":1,"column":0},"end":{"line":1,"column":13}}},"fnMap":{"0":{"name":"(anonymous_0)","decl":{"start":{"line":1,"column":0},"end":{"line":1,"column":13}},"loc":{"start":{"line":1,"column":0},"end":{"line":4,"column":1}}}},"branchMap":{},"s":{"0":0,"1":0,"2":1},"f":{"0":0},"b":{}}
,"C:\\Universidad\\Semestre VII\\Compunet III\\Aromalife-ADN\\src\\exceptions\\index.ts": {"path":"C:\\Universidad\\Semestre VII\\Compunet III\\Aromalife-ADN\\src\\exceptions\\index.ts","statementMap":{"0":{"start":{"line":1,"column":0},"end":{"line":1,"column":33}}},"fnMap":{},"branchMap":{},"s":{"0":1},"f":{},"b":{}}
,"C:\\Universidad\\Semestre VII\\Compunet III\\Aromalife-ADN\\src\\models\\candle.model.ts": {"path":"C:\\Universidad\\Semestre VII\\Compunet III\\Aromalife-ADN\\src\\models\\candle.model.ts","statementMap":{"0":{"start":{"line":1,"column":0},"end":{"line":1,"column":32}},"1":{"start":{"line":12,"column":34},"end":{"line":34,"column":null}},"2":{"start":{"line":37,"column":13},"end":{"line":41,"column":4}}},"fnMap":{},"branchMap":{},"s":{"0":1,"1":1,"2":1},"f":{},"b":{}}
,"C:\\Universidad\\Semestre VII\\Compunet III\\Aromalife-ADN\\src\\models\\cart.model.ts": {"path":"C:\\Universidad\\Semestre VII\\Compunet III\\Aromalife-ADN\\src\\models\\cart.model.ts","statementMap":{"0":{"start":{"line":1,"column":0},"end":{"line":1,"column":32}},"1":{"start":{"line":9,"column":19},"end":{"line":27,"column":null}},"2":{"start":{"line":30,"column":13},"end":{"line":30,"column":74}}},"fnMap":{},"branchMap":{},"s":{"0":1,"1":1,"2":1},"f":{},"b":{}}
,"C:\\Universidad\\Semestre VII\\Compunet III\\Aromalife-ADN\\src\\models\\container.model.ts": {"path":"C:\\Universidad\\Semestre VII\\Compunet III\\Aromalife-ADN\\src\\models\\container.model.ts","statementMap":{"0":{"start":{"line":1,"column":0},"end":{"line":1,"column":32}},"1":{"start":{"line":10,"column":24},"end":{"line":20,"column":null}},"2":{"start":{"line":23,"column":13},"end":{"line":23,"column":94}}},"fnMap":{},"branchMap":{},"s":{"0":1,"1":1,"2":1},"f":{},"b":{}}
,"C:\\Universidad\\Semestre VII\\Compunet III\\Aromalife-ADN\\src\\models\\fragrance.model.ts": {"path":"C:\\Universidad\\Semestre VII\\Compunet III\\Aromalife-ADN\\src\\models\\fragrance.model.ts","statementMap":{"0":{"start":{"line":1,"column":0},"end":{"line":1,"column":32}},"1":{"start":{"line":10,"column":26},"end":{"line":16,"column":null}},"2":{"start":{"line":19,"column":15},"end":{"line":19,"column":96}}},"fnMap":{},"branchMap":{},"s":{"0":1,"1":1,"2":1},"f":{},"b":{}}
,"C:\\Universidad\\Semestre VII\\Compunet III\\Aromalife-ADN\\src\\models\\index.ts": {"path":"C:\\Universidad\\Semestre VII\\Compunet III\\Aromalife-ADN\\src\\models\\index.ts","statementMap":{"0":{"start":{"line":1,"column":0},"end":{"line":1,"column":29}},"1":{"start":{"line":2,"column":0},"end":{"line":2,"column":31}},"2":{"start":{"line":3,"column":0},"end":{"line":3,"column":34}},"3":{"start":{"line":4,"column":0},"end":{"line":4,"column":34}},"4":{"start":{"line":5,"column":0},"end":{"line":5,"column":29}}},"fnMap":{},"branchMap":{},"s":{"0":1,"1":1,"2":1,"3":1,"4":1},"f":{},"b":{}}
,"C:\\Universidad\\Semestre VII\\Compunet III\\Aromalife-ADN\\src\\models\\user.model.ts": {"path":"C:\\Universidad\\Semestre VII\\Compunet III\\Aromalife-ADN\\src\\models\\user.model.ts","statementMap":{"0":{"start":{"line":1,"column":0},"end":{"line":1,"column":32}},"1":{"start":{"line":10,"column":19},"end":{"line":18,"column":null}},"2":{"start":{"line":21,"column":13},"end":{"line":21,"column":74}}},"fnMap":{},"branchMap":{},"s":{"0":1,"1":1,"2":1},"f":{},"b":{}}
,"C:\\Universidad\\Semestre VII\\Compunet III\\Aromalife-ADN\\src\\services\\candle.service.ts": {"path":"C:\\Universidad\\Semestre VII\\Compunet III\\Aromalife-ADN\\src\\services\\candle.service.ts","statementMap":{"0":{"start":{"line":1,"column":0},"end":{"line":1,"column":null}},"1":{"start":{"line":6,"column":0},"end":{"line":6,"column":70}},"2":{"start":{"line":13,"column":4},"end":{"line":29,"column":5}},"3":{"start":{"line":15,"column":30},"end":{"line":15,"column":77}},"4":{"start":{"line":16,"column":6},"end":{"line":16,"column":76}},"5":{"start":{"line":16,"column":28},"end":{"line":16,"column":76}},"6":{"start":{"line":19,"column":30},"end":{"line":19,"column":77}},"7":{"start":{"line":20,"column":6},"end":{"line":20,"column":76}},"8":{"start":{"line":20,"column":28},"end":{"line":20,"column":76}},"9":{"start":{"line":22,"column":25},"end":{"line":22,"column":62}},"10":{"start":{"line":23,"column":6},"end":{"line":23,"column":66}},"11":{"start":{"line":23,"column":23},"end":{"line":23,"column":66}},"12":{"start":{"line":25,"column":28},"end":{"line":25,"column":71}},"13":{"start":{"line":26,"column":6},"end":{"line":26,"column":27}},"14":{"start":{"line":28,"column":6},"end":{"line":28,"column":18}},"15":{"start":{"line":36,"column":4},"end":{"line":47,"column":5}},"16":{"start":{"line":37,"column":28},"end":{"line":37,"column":71}},"17":{"start":{"line":38,"column":6},"end":{"line":44,"column":7}},"18":{"start":{"line":39,"column":8},"end":{"line":39,"column":62}},"19":{"start":{"line":41,"column":8},"end":{"line":42,"column":35}},"20":{"start":{"line":43,"column":8},"end":{"line":43,"column":29}},"21":{"start":{"line":46,"column":6},"end":{"line":46,"column":18}},"22":{"start":{"line":52,"column":4},"end":{"line":58,"column":5}},"23":{"start":{"line":54,"column":8},"end":{"line":54,"column":45}},"24":{"start":{"line":55,"column":6},"end":{"line":55,"column":21}},"25":{"start":{"line":57,"column":6},"end":{"line":57,"column":18}},"26":{"start":{"line":66,"column":4},"end":{"line":76,"column":5}},"27":{"start":{"line":67,"column":28},"end":{"line":70,"column":null}},"28":{"start":{"line":72,"column":6},"end":{"line":72,"column":80}},"29":{"start":{"line":72,"column":26},"end":{"line":72,"column":80}},"30":{"start":{"line":73,"column":6},"end":{"line":73,"column":27}},"31":{"start":{"line":75,"column":6},"end":{"line":75,"column":18}},"32":{"start":{"line":81,"column":4},"end":{"line":89,"column":5}},"33":{"start":{"line":82,"column":28},"end":{"line":83,"column":null}},"34":{"start":{"line":85,"column":6},"end":{"line":85,"column":80}},"35":{"start":{"line":85,"column":26},"end":{"line":85,"column":80}},"36":{"start":{"line":86,"column":6},"end":{"line":86,"column":27}},"37":{"start":{"line":88,"column":6},"end":{"line":88,"column":18}},"38":{"start":{"line":93,"column":13},"end":{"line":93,"column":69}}},"fnMap":{"0":{"name":"(anonymous_7)","decl":{"start":{"line":10,"column":15},"end":{"line":10,"column":21}},"loc":{"start":{"line":11,"column":34},"end":{"line":30,"column":null}}},"1":{"name":"(anonymous_9)","decl":{"start":{"line":33,"column":15},"end":{"line":33,"column":23}},"loc":{"start":{"line":34,"column":14},"end":{"line":48,"column":null}}},"2":{"name":"(anonymous_11)","decl":{"start":{"line":51,"column":15},"end":{"line":51,"column":22}},"loc":{"start":{"line":51,"column":22},"end":{"line":59,"column":null}}},"3":{"name":"(anonymous_13)","decl":{"start":{"line":62,"column":15},"end":{"line":62,"column":21}},"loc":{"start":{"line":64,"column":39},"end":{"line":77,"column":null}}},"4":{"name":"(anonymous_15)","decl":{"start":{"line":80,"column":15},"end":{"line":80,"column":21}},"loc":{"start":{"line":80,"column":32},"end":{"line":90,"column":null}}}},"branchMap":{"0":{"loc":{"start":{"line":16,"column":6},"end":{"line":16,"column":76}},"type":"if","locations":[{"start":{"line":16,"column":6},"end":{"line":16,"column":76}}]},"1":{"loc":{"start":{"line":20,"column":6},"end":{"line":20,"column":76}},"type":"if","locations":[{"start":{"line":20,"column":6},"end":{"line":20,"column":76}}]},"2":{"loc":{"start":{"line":23,"column":6},"end":{"line":23,"column":66}},"type":"if","locations":[{"start":{"line":23,"column":6},"end":{"line":23,"column":66}}]},"3":{"loc":{"start":{"line":38,"column":6},"end":{"line":44,"column":7}},"type":"if","locations":[{"start":{"line":38,"column":6},"end":{"line":44,"column":7}},{"start":{"line":40,"column":13},"end":{"line":44,"column":7}}]},"4":{"loc":{"start":{"line":72,"column":6},"end":{"line":72,"column":80}},"type":"if","locations":[{"start":{"line":72,"column":6},"end":{"line":72,"column":80}}]},"5":{"loc":{"start":{"line":85,"column":6},"end":{"line":85,"column":80}},"type":"if","locations":[{"start":{"line":85,"column":6},"end":{"line":85,"column":80}}]}},"s":{"0":1,"1":1,"2":0,"3":0,"4":0,"5":0,"6":0,"7":0,"8":0,"9":0,"10":0,"11":0,"12":0,"13":0,"14":0,"15":0,"16":0,"17":0,"18":0,"19":0,"20":0,"21":0,"22":0,"23":0,"24":0,"25":0,"26":0,"27":0,"28":0,"29":0,"30":0,"31":0,"32":0,"33":0,"34":0,"35":0,"36":0,"37":0,"38":1},"f":{"0":0,"1":0,"2":0,"3":0,"4":0},"b":{"0":[0],"1":[0],"2":[0],"3":[0,0],"4":[0],"5":[0]}}
,"C:\\Universidad\\Semestre VII\\Compunet III\\Aromalife-ADN\\src\\services\\cart.service.ts": {"path":"C:\\Universidad\\Semestre VII\\Compunet III\\Aromalife-ADN\\src\\services\\cart.service.ts","statementMap":{"0":{"start":{"line":1,"column":0},"end":{"line":1,"column":52}},"1":{"start":{"line":3,"column":0},"end":{"line":3,"column":64}},"2":{"start":{"line":7,"column":4},"end":{"line":28,"column":5}},"3":{"start":{"line":9,"column":25},"end":{"line":9,"column":74}},"4":{"start":{"line":10,"column":6},"end":{"line":12,"column":7}},"5":{"start":{"line":11,"column":8},"end":{"line":11,"column":75}},"6":{"start":{"line":15,"column":6},"end":{"line":22,"column":7}},"7":{"start":{"line":16,"column":29},"end":{"line":18,"column":10}},"8":{"start":{"line":19,"column":8},"end":{"line":21,"column":9}},"9":{"start":{"line":20,"column":10},"end":{"line":20,"column":76}},"10":{"start":{"line":24,"column":33},"end":{"line":24,"column":66}},"11":{"start":{"line":25,"column":6},"end":{"line":25,"column":18}},"12":{"start":{"line":27,"column":6},"end":{"line":27,"column":18}},"13":{"start":{"line":32,"column":4},"end":{"line":37,"column":5}},"14":{"start":{"line":33,"column":36},"end":{"line":33,"column":58}},"15":{"start":{"line":34,"column":6},"end":{"line":34,"column":19}},"16":{"start":{"line":36,"column":6},"end":{"line":36,"column":18}},"17":{"start":{"line":41,"column":4},"end":{"line":46,"column":5}},"18":{"start":{"line":42,"column":40},"end":{"line":42,"column":68}},"19":{"start":{"line":43,"column":6},"end":{"line":43,"column":18}},"20":{"start":{"line":45,"column":6},"end":{"line":45,"column":18}},"21":{"start":{"line":53,"column":4},"end":{"line":74,"column":5}},"22":{"start":{"line":55,"column":6},"end":{"line":64,"column":7}},"23":{"start":{"line":56,"column":8},"end":{"line":63,"column":9}},"24":{"start":{"line":57,"column":31},"end":{"line":59,"column":12}},"25":{"start":{"line":60,"column":10},"end":{"line":62,"column":11}},"26":{"start":{"line":61,"column":12},"end":{"line":61,"column":78}},"27":{"start":{"line":66,"column":40},"end":{"line":69,"column":null}},"28":{"start":{"line":71,"column":6},"end":{"line":71,"column":18}},"29":{"start":{"line":73,"column":6},"end":{"line":73,"column":18}},"30":{"start":{"line":78,"column":4},"end":{"line":83,"column":5}},"31":{"start":{"line":79,"column":40},"end":{"line":79,"column":77}},"32":{"start":{"line":80,"column":6},"end":{"line":80,"column":18}},"33":{"start":{"line":82,"column":6},"end":{"line":82,"column":18}},"34":{"start":{"line":87,"column":13},"end":{"line":87,"column":45}}},"fnMap":{"0":{"name":"(anonymous_7)","decl":{"start":{"line":6,"column":15},"end":{"line":6,"column":21}},"loc":{"start":{"line":6,"column":42},"end":{"line":29,"column":null}}},"1":{"name":"(anonymous_9)","decl":{"start":{"line":31,"column":15},"end":{"line":31,"column":22}},"loc":{"start":{"line":31,"column":22},"end":{"line":38,"column":null}}},"2":{"name":"(anonymous_11)","decl":{"start":{"line":40,"column":15},"end":{"line":40,"column":23}},"loc":{"start":{"line":40,"column":34},"end":{"line":47,"column":null}}},"3":{"name":"(anonymous_13)","decl":{"start":{"line":49,"column":15},"end":{"line":49,"column":21}},"loc":{"start":{"line":51,"column":30},"end":{"line":75,"column":null}}},"4":{"name":"(anonymous_15)","decl":{"start":{"line":77,"column":15},"end":{"line":77,"column":21}},"loc":{"start":{"line":77,"column":32},"end":{"line":84,"column":null}}}},"branchMap":{"0":{"loc":{"start":{"line":10,"column":6},"end":{"line":12,"column":7}},"type":"if","locations":[{"start":{"line":10,"column":6},"end":{"line":12,"column":7}}]},"1":{"loc":{"start":{"line":19,"column":8},"end":{"line":21,"column":9}},"type":"if","locations":[{"start":{"line":19,"column":8},"end":{"line":21,"column":9}}]},"2":{"loc":{"start":{"line":55,"column":6},"end":{"line":64,"column":7}},"type":"if","locations":[{"start":{"line":55,"column":6},"end":{"line":64,"column":7}}]},"3":{"loc":{"start":{"line":60,"column":10},"end":{"line":62,"column":11}},"type":"if","locations":[{"start":{"line":60,"column":10},"end":{"line":62,"column":11}}]}},"s":{"0":1,"1":1,"2":0,"3":0,"4":0,"5":0,"6":0,"7":0,"8":0,"9":0,"10":0,"11":0,"12":0,"13":0,"14":0,"15":0,"16":0,"17":0,"18":0,"19":0,"20":0,"21":0,"22":0,"23":0,"24":0,"25":0,"26":0,"27":0,"28":0,"29":0,"30":0,"31":0,"32":0,"33":0,"34":1},"f":{"0":0,"1":0,"2":0,"3":0,"4":0},"b":{"0":[0],"1":[0],"2":[0],"3":[0]}}
,"C:\\Universidad\\Semestre VII\\Compunet III\\Aromalife-ADN\\src\\services\\container.service.ts": {"path":"C:\\Universidad\\Semestre VII\\Compunet III\\Aromalife-ADN\\src\\services\\container.service.ts","statementMap":{"0":{"start":{"line":1,"column":0},"end":{"line":1,"column":62}},"1":{"start":{"line":6,"column":4},"end":{"line":11,"column":5}},"2":{"start":{"line":7,"column":43},"end":{"line":7,"column":86}},"3":{"start":{"line":8,"column":6},"end":{"line":8,"column":23}},"4":{"start":{"line":10,"column":6},"end":{"line":10,"column":18}},"5":{"start":{"line":15,"column":4},"end":{"line":20,"column":5}},"6":{"start":{"line":16,"column":46},"end":{"line":16,"column":73}},"7":{"start":{"line":17,"column":6},"end":{"line":17,"column":24}},"8":{"start":{"line":19,"column":6},"end":{"line":19,"column":18}},"9":{"start":{"line":24,"column":4},"end":{"line":29,"column":5}},"10":{"start":{"line":25,"column":50},"end":{"line":25,"column":83}},"11":{"start":{"line":26,"column":6},"end":{"line":26,"column":23}},"12":{"start":{"line":28,"column":6},"end":{"line":28,"column":18}},"13":{"start":{"line":33,"column":4},"end":{"line":42,"column":5}},"14":{"start":{"line":34,"column":50},"end":{"line":37,"column":null}},"15":{"start":{"line":39,"column":6},"end":{"line":39,"column":23}},"16":{"start":{"line":41,"column":6},"end":{"line":41,"column":18}},"17":{"start":{"line":46,"column":4},"end":{"line":51,"column":5}},"18":{"start":{"line":47,"column":50},"end":{"line":47,"column":92}},"19":{"start":{"line":48,"column":6},"end":{"line":48,"column":23}},"20":{"start":{"line":50,"column":6},"end":{"line":50,"column":18}},"21":{"start":{"line":55,"column":13},"end":{"line":55,"column":55}}},"fnMap":{"0":{"name":"(anonymous_7)","decl":{"start":{"line":5,"column":15},"end":{"line":5,"column":21}},"loc":{"start":{"line":5,"column":52},"end":{"line":12,"column":null}}},"1":{"name":"(anonymous_9)","decl":{"start":{"line":14,"column":15},"end":{"line":14,"column":22}},"loc":{"start":{"line":14,"column":22},"end":{"line":21,"column":null}}},"2":{"name":"(anonymous_11)","decl":{"start":{"line":23,"column":15},"end":{"line":23,"column":23}},"loc":{"start":{"line":23,"column":34},"end":{"line":30,"column":null}}},"3":{"name":"(anonymous_13)","decl":{"start":{"line":32,"column":15},"end":{"line":32,"column":21}},"loc":{"start":{"line":32,"column":70},"end":{"line":43,"column":null}}},"4":{"name":"(anonymous_15)","decl":{"start":{"line":45,"column":15},"end":{"line":45,"column":21}},"loc":{"start":{"line":45,"column":32},"end":{"line":52,"column":null}}}},"branchMap":{},"s":{"0":1,"1":0,"2":0,"3":0,"4":0,"5":0,"6":0,"7":0,"8":0,"9":0,"10":0,"11":0,"12":0,"13":0,"14":0,"15":0,"16":0,"17":0,"18":0,"19":0,"20":0,"21":1},"f":{"0":0,"1":0,"2":0,"3":0,"4":0},"b":{}}
,"C:\\Universidad\\Semestre VII\\Compunet III\\Aromalife-ADN\\src\\services\\fragrance.service.ts": {"path":"C:\\Universidad\\Semestre VII\\Compunet III\\Aromalife-ADN\\src\\services\\fragrance.service.ts","statementMap":{"0":{"start":{"line":1,"column":0},"end":{"line":1,"column":62}},"1":{"start":{"line":6,"column":4},"end":{"line":11,"column":5}},"2":{"start":{"line":7,"column":43},"end":{"line":7,"column":86}},"3":{"start":{"line":8,"column":6},"end":{"line":8,"column":23}},"4":{"start":{"line":10,"column":6},"end":{"line":10,"column":18}},"5":{"start":{"line":15,"column":4},"end":{"line":20,"column":5}},"6":{"start":{"line":16,"column":46},"end":{"line":16,"column":73}},"7":{"start":{"line":17,"column":6},"end":{"line":17,"column":24}},"8":{"start":{"line":19,"column":6},"end":{"line":19,"column":18}},"9":{"start":{"line":24,"column":4},"end":{"line":29,"column":5}},"10":{"start":{"line":25,"column":50},"end":{"line":25,"column":83}},"11":{"start":{"line":26,"column":6},"end":{"line":26,"column":23}},"12":{"start":{"line":28,"column":6},"end":{"line":28,"column":18}},"13":{"start":{"line":33,"column":4},"end":{"line":42,"column":5}},"14":{"start":{"line":34,"column":50},"end":{"line":37,"column":null}},"15":{"start":{"line":39,"column":6},"end":{"line":39,"column":23}},"16":{"start":{"line":41,"column":6},"end":{"line":41,"column":18}},"17":{"start":{"line":46,"column":4},"end":{"line":51,"column":5}},"18":{"start":{"line":47,"column":50},"end":{"line":47,"column":92}},"19":{"start":{"line":48,"column":6},"end":{"line":48,"column":23}},"20":{"start":{"line":50,"column":6},"end":{"line":50,"column":18}},"21":{"start":{"line":55,"column":13},"end":{"line":55,"column":55}}},"fnMap":{"0":{"name":"(anonymous_7)","decl":{"start":{"line":5,"column":15},"end":{"line":5,"column":21}},"loc":{"start":{"line":5,"column":52},"end":{"line":12,"column":null}}},"1":{"name":"(anonymous_9)","decl":{"start":{"line":14,"column":15},"end":{"line":14,"column":22}},"loc":{"start":{"line":14,"column":22},"end":{"line":21,"column":null}}},"2":{"name":"(anonymous_11)","decl":{"start":{"line":23,"column":15},"end":{"line":23,"column":23}},"loc":{"start":{"line":23,"column":34},"end":{"line":30,"column":null}}},"3":{"name":"(anonymous_13)","decl":{"start":{"line":32,"column":15},"end":{"line":32,"column":21}},"loc":{"start":{"line":32,"column":70},"end":{"line":43,"column":null}}},"4":{"name":"(anonymous_15)","decl":{"start":{"line":45,"column":15},"end":{"line":45,"column":21}},"loc":{"start":{"line":45,"column":32},"end":{"line":52,"column":null}}}},"branchMap":{},"s":{"0":1,"1":1,"2":1,"3":1,"4":0,"5":1,"6":1,"7":1,"8":0,"9":1,"10":1,"11":1,"12":0,"13":1,"14":1,"15":1,"16":0,"17":1,"18":1,"19":1,"20":0,"21":1},"f":{"0":1,"1":1,"2":1,"3":1,"4":1},"b":{}}
,"C:\\Universidad\\Semestre VII\\Compunet III\\Aromalife-ADN\\src\\services\\index.ts": {"path":"C:\\Universidad\\Semestre VII\\Compunet III\\Aromalife-ADN\\src\\services\\index.ts","statementMap":{"0":{"start":{"line":1,"column":0},"end":{"line":1,"column":31}},"1":{"start":{"line":2,"column":0},"end":{"line":2,"column":33}},"2":{"start":{"line":3,"column":0},"end":{"line":3,"column":36}},"3":{"start":{"line":4,"column":0},"end":{"line":4,"column":36}},"4":{"start":{"line":5,"column":0},"end":{"line":5,"column":31}}},"fnMap":{},"branchMap":{},"s":{"0":1,"1":1,"2":1,"3":1,"4":1},"f":{},"b":{}}
,"C:\\Universidad\\Semestre VII\\Compunet III\\Aromalife-ADN\\src\\services\\user.service.ts": {"path":"C:\\Universidad\\Semestre VII\\Compunet III\\Aromalife-ADN\\src\\services\\user.service.ts","statementMap":{"0":{"start":{"line":1,"column":0},"end":{"line":1,"column":52}},"1":{"start":{"line":8,"column":0},"end":{"line":8,"column":42}},"2":{"start":{"line":9,"column":0},"end":{"line":9,"column":28}},"3":{"start":{"line":10,"column":0},"end":{"line":10,"column":31}},"4":{"start":{"line":14,"column":4},"end":{"line":28,"column":5}},"5":{"start":{"line":15,"column":46},"end":{"line":16,"column":null}},"6":{"start":{"line":18,"column":6},"end":{"line":20,"column":7}},"7":{"start":{"line":19,"column":8},"end":{"line":19,"column":56}},"8":{"start":{"line":21,"column":6},"end":{"line":22,"column":71}},"9":{"start":{"line":22,"column":8},"end":{"line":22,"column":71}},"10":{"start":{"line":24,"column":33},"end":{"line":24,"column":66}},"11":{"start":{"line":25,"column":6},"end":{"line":25,"column":18}},"12":{"start":{"line":27,"column":6},"end":{"line":27,"column":18}},"13":{"start":{"line":32,"column":4},"end":{"line":37,"column":5}},"14":{"start":{"line":33,"column":19},"end":{"line":33,"column":53}},"15":{"start":{"line":34,"column":6},"end":{"line":34,"column":18}},"16":{"start":{"line":36,"column":6},"end":{"line":36,"column":18}},"17":{"start":{"line":41,"column":4},"end":{"line":46,"column":5}},"18":{"start":{"line":42,"column":36},"end":{"line":42,"column":58}},"19":{"start":{"line":43,"column":6},"end":{"line":43,"column":19}},"20":{"start":{"line":45,"column":6},"end":{"line":45,"column":18}},"21":{"start":{"line":50,"column":4},"end":{"line":55,"column":5}},"22":{"start":{"line":51,"column":40},"end":{"line":51,"column":68}},"23":{"start":{"line":52,"column":6},"end":{"line":52,"column":18}},"24":{"start":{"line":54,"column":6},"end":{"line":54,"column":18}},"25":{"start":{"line":62,"column":4},"end":{"line":72,"column":5}},"26":{"start":{"line":63,"column":40},"end":{"line":66,"column":null}},"27":{"start":{"line":68,"column":6},"end":{"line":68,"column":35}},"28":{"start":{"line":68,"column":16},"end":{"line":68,"column":35}},"29":{"start":{"line":69,"column":6},"end":{"line":69,"column":18}},"30":{"start":{"line":71,"column":6},"end":{"line":71,"column":18}},"31":{"start":{"line":76,"column":4},"end":{"line":81,"column":5}},"32":{"start":{"line":77,"column":40},"end":{"line":77,"column":77}},"33":{"start":{"line":78,"column":6},"end":{"line":78,"column":18}},"34":{"start":{"line":80,"column":6},"end":{"line":80,"column":18}},"35":{"start":{"line":87,"column":4},"end":{"line":114,"column":5}},"36":{"start":{"line":88,"column":46},"end":{"line":89,"column":null}},"37":{"start":{"line":91,"column":6},"end":{"line":93,"column":7}},"38":{"start":{"line":92,"column":8},"end":{"line":92,"column":46}},"39":{"start":{"line":94,"column":31},"end":{"line":96,"column":null}},"40":{"start":{"line":98,"column":6},"end":{"line":101,"column":7}},"41":{"start":{"line":99,"column":8},"end":{"line":99,"column":46}},"42":{"start":{"line":100,"column":8},"end":{"line":100,"column":38}},"43":{"start":{"line":102,"column":6},"end":{"line":111,"column":8}},"44":{"start":{"line":113,"column":6},"end":{"line":113,"column":18}},"45":{"start":{"line":118,"column":4},"end":{"line":133,"column":5}},"46":{"start":{"line":119,"column":6},"end":{"line":130,"column":8}},"47":{"start":{"line":132,"column":6},"end":{"line":132,"column":18}},"48":{"start":{"line":137,"column":13},"end":{"line":137,"column":45}}},"fnMap":{"0":{"name":"(anonymous_8)","decl":{"start":{"line":13,"column":15},"end":{"line":13,"column":21}},"loc":{"start":{"line":13,"column":42},"end":{"line":29,"column":null}}},"1":{"name":"(anonymous_10)","decl":{"start":{"line":31,"column":15},"end":{"line":31,"column":26}},"loc":{"start":{"line":31,"column":40},"end":{"line":38,"column":null}}},"2":{"name":"(anonymous_12)","decl":{"start":{"line":40,"column":15},"end":{"line":40,"column":22}},"loc":{"start":{"line":40,"column":22},"end":{"line":47,"column":null}}},"3":{"name":"(anonymous_14)","decl":{"start":{"line":49,"column":15},"end":{"line":49,"column":23}},"loc":{"start":{"line":49,"column":34},"end":{"line":56,"column":null}}},"4":{"name":"(anonymous_16)","decl":{"start":{"line":58,"column":15},"end":{"line":58,"column":21}},"loc":{"start":{"line":60,"column":30},"end":{"line":73,"column":null}}},"5":{"name":"(anonymous_18)","decl":{"start":{"line":75,"column":15},"end":{"line":75,"column":21}},"loc":{"start":{"line":75,"column":32},"end":{"line":82,"column":null}}},"6":{"name":"(anonymous_20)","decl":{"start":{"line":84,"column":15},"end":{"line":84,"column":20}},"loc":{"start":{"line":85,"column":24},"end":{"line":115,"column":null}}},"7":{"name":"(anonymous_22)","decl":{"start":{"line":117,"column":9},"end":{"line":117,"column":22}},"loc":{"start":{"line":117,"column":41},"end":{"line":134,"column":3}}}},"branchMap":{"0":{"loc":{"start":{"line":18,"column":6},"end":{"line":20,"column":7}},"type":"if","locations":[{"start":{"line":18,"column":6},"end":{"line":20,"column":7}}]},"1":{"loc":{"start":{"line":21,"column":6},"end":{"line":22,"column":71}},"type":"if","locations":[{"start":{"line":21,"column":6},"end":{"line":22,"column":71}}]},"2":{"loc":{"start":{"line":68,"column":6},"end":{"line":68,"column":35}},"type":"if","locations":[{"start":{"line":68,"column":6},"end":{"line":68,"column":35}}]},"3":{"loc":{"start":{"line":91,"column":6},"end":{"line":93,"column":7}},"type":"if","locations":[{"start":{"line":91,"column":6},"end":{"line":93,"column":7}}]},"4":{"loc":{"start":{"line":98,"column":6},"end":{"line":101,"column":7}},"type":"if","locations":[{"start":{"line":98,"column":6},"end":{"line":101,"column":7}}]},"5":{"loc":{"start":{"line":128,"column":8},"end":{"line":128,"column":42}},"type":"binary-expr","locations":[{"start":{"line":128,"column":8},"end":{"line":128,"column":30}},{"start":{"line":128,"column":34},"end":{"line":128,"column":42}}]}},"s":{"0":1,"1":1,"2":1,"3":1,"4":0,"5":0,"6":0,"7":0,"8":0,"9":0,"10":0,"11":0,"12":0,"13":0,"14":0,"15":0,"16":0,"17":0,"18":0,"19":0,"20":0,"21":0,"22":0,"23":0,"24":0,"25":0,"26":0,"27":0,"28":0,"29":0,"30":0,"31":0,"32":0,"33":0,"34":0,"35":0,"36":0,"37":0,"38":0,"39":0,"40":0,"41":0,"42":0,"43":0,"44":0,"45":0,"46":0,"47":0,"48":1},"f":{"0":0,"1":0,"2":0,"3":0,"4":0,"5":0,"6":0,"7":0},"b":{"0":[0],"1":[0],"2":[0],"3":[0],"4":[0],"5":[0,0]}}
}
