TN:
SF:src/controllers/candle.controller.ts
FN:7,(anonymous_7)
FN:23,(anonymous_9)
FN:40,(anonymous_11)
FN:50,(anonymous_13)
FN:70,(anonymous_15)
FNF:5
FNH:0
FNDA:0,(anonymous_7)
FNDA:0,(anonymous_9)
FNDA:0,(anonymous_11)
FNDA:0,(anonymous_13)
FNDA:0,(anonymous_15)
DA:4,4
DA:8,0
DA:10,0
DA:13,0
DA:15,0
DA:16,0
DA:17,0
DA:19,0
DA:24,0
DA:25,0
DA:27,0
DA:28,0
DA:29,0
DA:32,0
DA:34,0
DA:36,0
DA:41,0
DA:43,0
DA:44,0
DA:46,0
DA:51,0
DA:52,0
DA:54,0
DA:58,0
DA:59,0
DA:62,0
DA:64,0
DA:66,0
DA:71,0
DA:72,0
DA:74,0
DA:75,0
DA:76,0
DA:79,0
DA:81,0
DA:83,0
DA:88,4
LF:37
LH:2
BRDA:15,0,0,0
BRDA:28,1,0,0
BRDA:58,2,0,0
BRDA:75,3,0,0
BRF:4
BRH:0
end_of_record
TN:
SF:src/controllers/cart.controller.ts
FN:7,(anonymous_7)
FN:18,(anonymous_9)
FN:32,(anonymous_11)
FN:41,(anonymous_13)
FN:58,(anonymous_15)
FNF:5
FNH:2
FNDA:1,(anonymous_7)
FNDA:1,(anonymous_9)
FNDA:0,(anonymous_11)
FNDA:0,(anonymous_13)
FNDA:0,(anonymous_15)
DA:4,4
DA:8,1
DA:9,1
DA:12,1
DA:14,0
DA:19,1
DA:20,1
DA:21,1
DA:22,1
DA:23,1
DA:24,1
DA:26,0
DA:28,0
DA:33,0
DA:34,0
DA:35,0
DA:37,0
DA:42,0
DA:43,0
DA:44,0
DA:48,0
DA:49,0
DA:50,0
DA:52,0
DA:54,0
DA:59,0
DA:60,0
DA:61,0
DA:62,0
DA:63,0
DA:64,0
DA:66,0
DA:68,0
DA:73,4
LF:34
LH:11
BRDA:22,0,0,1
BRDA:48,1,0,0
BRDA:62,2,0,0
BRF:3
BRH:1
end_of_record
TN:
SF:src/controllers/container.controller.ts
FN:7,(anonymous_8)
FN:30,(anonymous_10)
FN:44,(anonymous_12)
FN:53,(anonymous_14)
FN:70,(anonymous_16)
FNF:5
FNH:0
FNDA:0,(anonymous_8)
FNDA:0,(anonymous_10)
FNDA:0,(anonymous_12)
FNDA:0,(anonymous_14)
FNDA:0,(anonymous_16)
DA:4,4
DA:8,0
DA:11,0
DA:12,0
DA:14,0
DA:20,0
DA:22,0
DA:23,0
DA:24,0
DA:26,0
DA:31,0
DA:32,0
DA:33,0
DA:34,0
DA:35,0
DA:36,0
DA:38,0
DA:40,0
DA:45,0
DA:46,0
DA:47,0
DA:49,0
DA:54,0
DA:55,0
DA:56,0
DA:60,0
DA:61,0
DA:62,0
DA:64,0
DA:66,0
DA:71,0
DA:72,0
DA:73,0
DA:74,0
DA:75,0
DA:76,0
DA:78,0
DA:80,0
DA:85,4
LF:39
LH:2
BRDA:22,0,0,0
BRDA:34,1,0,0
BRDA:60,2,0,0
BRDA:74,3,0,0
BRF:4
BRH:0
end_of_record
TN:
SF:src/controllers/fragrance.controller.ts
FN:7,(anonymous_7)
FN:22,(anonymous_9)
FN:36,(anonymous_11)
FN:45,(anonymous_13)
FN:62,(anonymous_15)
FNF:5
FNH:0
FNDA:0,(anonymous_7)
FNDA:0,(anonymous_9)
FNDA:0,(anonymous_11)
FNDA:0,(anonymous_13)
FNDA:0,(anonymous_15)
DA:4,4
DA:8,0
DA:9,0
DA:12,0
DA:14,0
DA:15,0
DA:16,0
DA:18,0
DA:23,0
DA:24,0
DA:25,0
DA:26,0
DA:27,0
DA:28,0
DA:30,0
DA:32,0
DA:37,0
DA:38,0
DA:39,0
DA:41,0
DA:46,0
DA:47,0
DA:48,0
DA:52,0
DA:53,0
DA:54,0
DA:56,0
DA:58,0
DA:63,0
DA:64,0
DA:65,0
DA:66,0
DA:67,0
DA:68,0
DA:70,0
DA:72,0
DA:77,4
LF:37
LH:2
BRDA:14,0,0,0
BRDA:26,1,0,0
BRDA:52,2,0,0
BRDA:66,3,0,0
BRF:4
BRH:0
end_of_record
TN:
SF:src/controllers/index.ts
FNF:0
FNH:0
DA:1,4
DA:2,4
DA:3,4
DA:4,4
DA:5,4
LF:5
LH:5
BRF:0
BRH:0
end_of_record
TN:
SF:src/controllers/user.controller.ts
FN:8,(anonymous_7)
FN:23,(anonymous_9)
FN:37,(anonymous_11)
FN:45,(anonymous_13)
FN:62,(anonymous_15)
FN:76,(anonymous_17)
FNF:6
FNH:3
FNDA:2,(anonymous_7)
FNDA:1,(anonymous_9)
FNDA:0,(anonymous_11)
FNDA:0,(anonymous_13)
FNDA:0,(anonymous_15)
FNDA:3,(anonymous_17)
DA:4,4
DA:5,4
DA:9,2
DA:10,2
DA:13,1
DA:15,1
DA:16,1
DA:17,1
DA:19,0
DA:24,1
DA:25,1
DA:26,1
DA:27,1
DA:28,0
DA:29,0
DA:31,1
DA:33,0
DA:38,0
DA:39,0
DA:40,0
DA:42,0
DA:46,0
DA:47,0
DA:48,0
DA:52,0
DA:53,0
DA:54,0
DA:56,0
DA:58,0
DA:63,0
DA:64,0
DA:65,0
DA:66,0
DA:67,0
DA:68,0
DA:70,0
DA:72,0
DA:77,3
DA:78,3
DA:79,2
DA:82,1
DA:83,1
DA:84,1
DA:86,0
DA:91,4
LF:45
LH:20
BRDA:15,0,0,1
BRDA:27,1,0,0
BRDA:52,2,0,0
BRDA:66,3,0,0
BRDA:82,4,0,1
BRF:5
BRH:2
end_of_record
TN:
SF:src/exceptions/auth.exception.ts
FN:1,(anonymous_0)
FNF:1
FNH:1
FNDA:2,(anonymous_0)
DA:1,6
DA:2,2
DA:3,2
LF:3
LH:3
BRF:0
BRH:0
end_of_record
TN:
SF:src/exceptions/index.ts
FNF:0
FNH:0
DA:1,6
LF:1
LH:1
BRF:0
BRH:0
end_of_record
TN:
SF:src/middlewares/auth.middleware.ts
FN:4,(anonymous_9)
FN:29,(anonymous_10)
FN:30,(anonymous_11)
FN:32,(anonymous_12)
FNF:4
FNH:4
FNDA:3,(anonymous_9)
FNDA:11,(anonymous_10)
FNDA:1,(anonymous_11)
FNDA:2,(anonymous_12)
DA:2,2
DA:4,2
DA:5,3
DA:7,3
DA:8,1
DA:9,1
DA:12,2
DA:14,2
DA:15,2
DA:16,2
DA:17,2
DA:18,2
DA:19,1
DA:21,1
DA:22,0
DA:23,0
DA:25,1
DA:29,2
DA:30,11
DA:31,1
DA:32,2
DA:33,0
DA:34,0
DA:36,1
LF:24
LH:20
BRDA:7,0,0,1
BRDA:15,1,0,2
BRDA:15,1,1,2
BRDA:21,2,0,0
BRDA:32,3,0,0
BRF:5
BRH:3
end_of_record
TN:
SF:src/middlewares/index.ts
FNF:0
FNH:0
DA:1,2
DA:2,2
LF:2
LH:2
BRF:0
BRH:0
end_of_record
TN:
SF:src/middlewares/validateSchema.middleware.ts
FN:4,(anonymous_7)
FN:5,(anonymous_8)
FN:5,(anonymous_9)
FNF:3
FNH:3
FNDA:4,(anonymous_7)
FNDA:1,(anonymous_8)
FNDA:1,(anonymous_9)
DA:4,2
DA:5,4
DA:6,1
DA:7,1
DA:8,1
DA:10,0
LF:6
LH:5
BRF:0
BRH:0
end_of_record
TN:
SF:src/models/candle.model.ts
FNF:0
FNH:0
DA:1,7
DA:12,7
DA:37,7
LF:3
LH:3
BRF:0
BRH:0
end_of_record
TN:
SF:src/models/cart.model.ts
FNF:0
FNH:0
DA:1,8
DA:9,8
DA:30,8
LF:3
LH:3
BRF:0
BRH:0
end_of_record
TN:
SF:src/models/container.model.ts
FNF:0
FNH:0
DA:1,7
DA:10,7
DA:23,7
LF:3
LH:3
BRF:0
BRH:0
end_of_record
TN:
SF:src/models/fragrance.model.ts
FNF:0
FNH:0
DA:1,7
DA:10,7
DA:19,7
LF:3
LH:3
BRF:0
BRH:0
end_of_record
TN:
SF:src/models/index.ts
FNF:0
FNH:0
DA:1,7
DA:2,7
DA:3,7
DA:4,7
DA:5,7
LF:5
LH:5
BRF:0
BRH:0
end_of_record
TN:
SF:src/models/user.model.ts
FNF:0
FNH:0
DA:1,7
DA:10,7
DA:21,7
LF:3
LH:3
BRF:0
BRH:0
end_of_record
TN:
SF:src/routes/cart.route.ts
FNF:0
FNH:0
DA:1,1
DA:2,1
DA:3,1
DA:4,1
DA:6,1
DA:8,1
DA:15,1
DA:23,1
DA:30,1
DA:38,1
LF:10
LH:10
BRF:0
BRH:0
end_of_record
TN:
SF:src/routes/user.route.ts
FNF:0
FNH:0
DA:1,1
DA:2,1
DA:3,1
DA:4,1
DA:6,1
DA:8,1
DA:10,1
DA:18,1
DA:25,1
DA:31,1
DA:33,1
DA:40,1
LF:12
LH:12
BRF:0
BRH:0
end_of_record
TN:
SF:src/schemas/candle.schema.ts
FN:17,(anonymous_0)
FNF:1
FNH:0
FNDA:0,(anonymous_0)
DA:1,3
DA:3,3
DA:17,0
LF:3
LH:2
BRF:0
BRH:0
end_of_record
TN:
SF:src/schemas/cart.schema.ts
FNF:0
FNH:0
DA:1,4
DA:3,4
DA:14,4
LF:3
LH:3
BRF:0
BRH:0
end_of_record
TN:
SF:src/schemas/container.schema.ts
FNF:0
FNH:0
DA:1,3
DA:3,3
LF:2
LH:2
BRF:0
BRH:0
end_of_record
TN:
SF:src/schemas/fragrance.schema.ts
FNF:0
FNH:0
DA:1,3
DA:3,3
LF:2
LH:2
BRF:0
BRH:0
end_of_record
TN:
SF:src/schemas/index.ts
FNF:0
FNH:0
DA:1,3
DA:2,3
DA:3,3
DA:4,3
DA:5,3
DA:6,3
LF:6
LH:6
BRF:0
BRH:0
end_of_record
TN:
SF:src/schemas/login.schema.ts
FNF:0
FNH:0
DA:1,3
DA:3,3
LF:2
LH:2
BRF:0
BRH:0
end_of_record
TN:
SF:src/schemas/user.schema.ts
FN:17,(anonymous_0)
FNF:1
FNH:1
FNDA:2,(anonymous_0)
DA:1,3
DA:3,3
DA:17,2
LF:3
LH:3
BRF:0
BRH:0
end_of_record
TN:
SF:src/services/candle.service.ts
FN:10,(anonymous_7)
FN:33,(anonymous_9)
FN:49,(anonymous_11)
FN:60,(anonymous_13)
FN:78,(anonymous_15)
FNF:5
FNH:0
FNDA:0,(anonymous_7)
FNDA:0,(anonymous_9)
FNDA:0,(anonymous_11)
FNDA:0,(anonymous_13)
FNDA:0,(anonymous_15)
DA:1,6
DA:6,6
DA:13,0
DA:15,0
DA:16,0
DA:19,0
DA:20,0
DA:22,0
DA:23,0
DA:25,0
DA:26,0
DA:28,0
DA:36,0
DA:37,0
DA:41,0
DA:42,0
DA:44,0
DA:50,0
DA:52,0
DA:53,0
DA:55,0
DA:64,0
DA:65,0
DA:70,0
DA:71,0
DA:73,0
DA:79,0
DA:80,0
DA:83,0
DA:84,0
DA:86,0
DA:91,6
LF:32
LH:3
BRDA:16,0,0,0
BRDA:20,1,0,0
BRDA:23,2,0,0
BRDA:41,3,0,0
BRDA:70,4,0,0
BRDA:83,5,0,0
BRF:6
BRH:0
end_of_record
TN:
SF:src/services/cart.service.ts
FN:6,(anonymous_7)
FN:31,(anonymous_9)
FN:40,(anonymous_11)
FN:49,(anonymous_13)
FN:77,(anonymous_15)
FNF:5
FNH:2
FNDA:2,(anonymous_7)
FNDA:0,(anonymous_9)
FNDA:0,(anonymous_11)
FNDA:1,(anonymous_13)
FNDA:0,(anonymous_15)
DA:1,6
DA:3,6
DA:7,2
DA:9,2
DA:10,2
DA:11,1
DA:15,1
DA:16,1
DA:19,1
DA:20,0
DA:24,1
DA:25,1
DA:27,1
DA:32,0
DA:33,0
DA:34,0
DA:36,0
DA:41,0
DA:42,0
DA:43,0
DA:45,0
DA:53,1
DA:55,1
DA:56,1
DA:57,1
DA:60,1
DA:61,0
DA:66,1
DA:71,1
DA:73,0
DA:78,0
DA:79,0
DA:80,0
DA:82,0
DA:87,6
LF:35
LH:20
BRDA:10,0,0,1
BRDA:19,1,0,0
BRDA:55,2,0,1
BRDA:60,3,0,0
BRF:4
BRH:2
end_of_record
TN:
SF:src/services/container.service.ts
FN:5,(anonymous_7)
FN:14,(anonymous_9)
FN:23,(anonymous_11)
FN:32,(anonymous_13)
FN:45,(anonymous_15)
FNF:5
FNH:0
FNDA:0,(anonymous_7)
FNDA:0,(anonymous_9)
FNDA:0,(anonymous_11)
FNDA:0,(anonymous_13)
FNDA:0,(anonymous_15)
DA:1,6
DA:6,0
DA:7,0
DA:8,0
DA:10,0
DA:15,0
DA:16,0
DA:17,0
DA:19,0
DA:24,0
DA:25,0
DA:26,0
DA:28,0
DA:33,0
DA:34,0
DA:39,0
DA:41,0
DA:46,0
DA:47,0
DA:48,0
DA:50,0
DA:55,6
LF:22
LH:2
BRF:0
BRH:0
end_of_record
TN:
SF:src/services/fragrance.service.ts
FN:5,(anonymous_7)
FN:14,(anonymous_9)
FN:23,(anonymous_11)
FN:32,(anonymous_13)
FN:45,(anonymous_15)
FNF:5
FNH:0
FNDA:0,(anonymous_7)
FNDA:0,(anonymous_9)
FNDA:0,(anonymous_11)
FNDA:0,(anonymous_13)
FNDA:0,(anonymous_15)
DA:1,6
DA:6,0
DA:7,0
DA:8,0
DA:10,0
DA:15,0
DA:16,0
DA:17,0
DA:19,0
DA:24,0
DA:25,0
DA:26,0
DA:28,0
DA:33,0
DA:34,0
DA:39,0
DA:41,0
DA:46,0
DA:47,0
DA:48,0
DA:50,0
DA:55,6
LF:22
LH:2
BRF:0
BRH:0
end_of_record
TN:
SF:src/services/index.ts
FNF:0
FNH:0
DA:1,6
DA:2,6
DA:3,6
DA:4,6
DA:5,6
LF:5
LH:5
BRF:0
BRH:0
end_of_record
TN:
SF:src/services/user.service.ts
FN:13,(anonymous_8)
FN:31,(anonymous_10)
FN:40,(anonymous_12)
FN:49,(anonymous_14)
FN:58,(anonymous_16)
FN:75,(anonymous_18)
FN:84,(anonymous_20)
FN:117,(anonymous_22)
FNF:8
FNH:4
FNDA:3,(anonymous_8)
FNDA:6,(anonymous_10)
FNDA:0,(anonymous_12)
FNDA:0,(anonymous_14)
FNDA:0,(anonymous_16)
FNDA:0,(anonymous_18)
FNDA:3,(anonymous_20)
FNDA:1,(anonymous_22)
DA:1,6
DA:8,6
DA:9,6
DA:10,6
DA:14,3
DA:15,3
DA:18,3
DA:19,1
DA:21,2
DA:22,2
DA:24,2
DA:25,1
DA:27,2
DA:32,6
DA:33,6
DA:34,6
DA:36,0
DA:41,0
DA:42,0
DA:43,0
DA:45,0
DA:50,0
DA:51,0
DA:52,0
DA:54,0
DA:62,0
DA:63,0
DA:68,0
DA:69,0
DA:71,0
DA:76,0
DA:77,0
DA:78,0
DA:80,0
DA:87,3
DA:88,3
DA:91,3
DA:92,1
DA:94,2
DA:98,1
DA:99,0
DA:100,0
DA:102,1
DA:113,2
DA:118,1
DA:119,1
DA:132,0
DA:137,6
LF:48
LH:27
BRDA:18,0,0,1
BRDA:21,1,0,2
BRDA:68,2,0,0
BRDA:91,3,0,1
BRDA:98,4,0,0
BRDA:128,5,0,1
BRDA:128,5,1,0
BRF:7
BRH:4
end_of_record
