TN:
SF:src\controllers\candle.controller.ts
FN:7,(anonymous_7)
FN:23,(anonymous_9)
FN:40,(anonymous_11)
FN:50,(anonymous_13)
FN:70,(anonymous_15)
FNF:5
FNH:5
FNDA:2,(anonymous_7)
FNDA:2,(anonymous_9)
FNDA:1,(anonymous_11)
FNDA:2,(anonymous_13)
FNDA:2,(anonymous_15)
DA:4,10
DA:8,2
DA:10,2
DA:13,0
DA:15,2
DA:16,1
DA:17,1
DA:19,1
DA:24,2
DA:25,2
DA:27,2
DA:28,1
DA:29,1
DA:32,1
DA:34,0
DA:36,1
DA:41,1
DA:43,1
DA:44,0
DA:46,1
DA:51,2
DA:52,2
DA:54,2
DA:58,1
DA:59,1
DA:62,1
DA:64,0
DA:66,1
DA:71,2
DA:72,2
DA:74,2
DA:75,1
DA:76,1
DA:79,1
DA:81,0
DA:83,1
DA:88,10
LF:37
LH:32
BRDA:15,0,0,1
BRDA:28,1,0,1
BRDA:58,2,0,1
BRDA:75,3,0,1
BRF:4
BRH:4
end_of_record
TN:
SF:src\controllers\cart.controller.ts
FN:7,(anonymous_7)
FN:18,(anonymous_9)
FN:32,(anonymous_11)
FN:41,(anonymous_13)
FN:58,(anonymous_15)
FNF:5
FNH:5
FNDA:1,(anonymous_7)
FNDA:2,(anonymous_9)
FNDA:1,(anonymous_11)
FNDA:2,(anonymous_13)
FNDA:2,(anonymous_15)
DA:4,10
DA:8,1
DA:9,1
DA:12,0
DA:14,1
DA:19,2
DA:20,2
DA:21,2
DA:22,1
DA:23,1
DA:24,1
DA:26,0
DA:28,1
DA:33,1
DA:34,1
DA:35,0
DA:37,1
DA:42,2
DA:43,2
DA:44,2
DA:48,1
DA:49,1
DA:50,1
DA:52,0
DA:54,1
DA:59,2
DA:60,2
DA:61,2
DA:62,1
DA:63,1
DA:64,1
DA:66,0
DA:68,1
DA:73,10
LF:34
LH:29
BRDA:22,0,0,1
BRDA:48,1,0,1
BRDA:62,2,0,1
BRF:3
BRH:3
end_of_record
TN:
SF:src\controllers\container.controller.ts
FN:7,(anonymous_8)
FN:30,(anonymous_10)
FN:44,(anonymous_12)
FN:53,(anonymous_14)
FN:70,(anonymous_16)
FNF:5
FNH:5
FNDA:2,(anonymous_8)
FNDA:2,(anonymous_10)
FNDA:1,(anonymous_12)
FNDA:2,(anonymous_14)
FNDA:2,(anonymous_16)
DA:4,10
DA:8,2
DA:11,2
DA:12,2
DA:14,2
DA:20,1
DA:22,1
DA:23,0
DA:24,0
DA:26,1
DA:31,2
DA:32,2
DA:33,2
DA:34,1
DA:35,1
DA:36,1
DA:38,0
DA:40,1
DA:45,1
DA:46,1
DA:47,0
DA:49,1
DA:54,2
DA:55,2
DA:56,2
DA:60,1
DA:61,1
DA:62,1
DA:64,0
DA:66,1
DA:71,2
DA:72,2
DA:73,2
DA:74,1
DA:75,1
DA:76,1
DA:78,0
DA:80,1
DA:85,10
LF:39
LH:33
BRDA:22,0,0,0
BRDA:34,1,0,1
BRDA:60,2,0,1
BRDA:74,3,0,1
BRF:4
BRH:3
end_of_record
TN:
SF:src\controllers\fragrance.controller.ts
FN:7,(anonymous_7)
FN:22,(anonymous_9)
FN:36,(anonymous_11)
FN:45,(anonymous_13)
FN:62,(anonymous_15)
FNF:5
FNH:5
FNDA:1,(anonymous_7)
FNDA:1,(anonymous_9)
FNDA:1,(anonymous_11)
FNDA:2,(anonymous_13)
FNDA:2,(anonymous_15)
DA:4,10
DA:8,1
DA:9,1
DA:12,0
DA:14,1
DA:15,1
DA:16,1
DA:18,0
DA:23,1
DA:24,1
DA:25,1
DA:26,1
DA:27,1
DA:28,1
DA:30,0
DA:32,0
DA:37,1
DA:38,1
DA:39,0
DA:41,1
DA:46,2
DA:47,2
DA:48,2
DA:52,1
DA:53,1
DA:54,1
DA:56,0
DA:58,1
DA:63,2
DA:64,2
DA:65,2
DA:66,1
DA:67,1
DA:68,1
DA:70,0
DA:72,1
DA:77,10
LF:37
LH:30
BRDA:14,0,0,1
BRDA:26,1,0,1
BRDA:52,2,0,1
BRDA:66,3,0,1
BRF:4
BRH:4
end_of_record
TN:
SF:src\controllers\gift.controller.ts
FN:7,(anonymous_7)
FN:20,(anonymous_9)
FN:34,(anonymous_11)
FN:43,(anonymous_13)
FN:57,(anonymous_15)
FNF:5
FNH:0
FNDA:0,(anonymous_7)
FNDA:0,(anonymous_9)
FNDA:0,(anonymous_11)
FNDA:0,(anonymous_13)
FNDA:0,(anonymous_15)
DA:4,10
DA:8,0
DA:9,0
DA:10,0
DA:12,0
DA:13,0
DA:14,0
DA:16,0
DA:21,0
DA:22,0
DA:23,0
DA:24,0
DA:25,0
DA:26,0
DA:28,0
DA:30,0
DA:35,0
DA:36,0
DA:37,0
DA:39,0
DA:44,0
DA:45,0
DA:46,0
DA:47,0
DA:48,0
DA:49,0
DA:51,0
DA:53,0
DA:58,0
DA:59,0
DA:60,0
DA:61,0
DA:62,0
DA:63,0
DA:65,0
DA:67,0
DA:72,10
LF:37
LH:2
BRDA:12,0,0,0
BRDA:24,1,0,0
BRDA:47,2,0,0
BRDA:61,3,0,0
BRF:4
BRH:0
end_of_record
TN:
SF:src\controllers\index.ts
FNF:0
FNH:0
DA:1,10
DA:2,10
DA:3,10
DA:4,10
DA:5,10
DA:6,10
LF:6
LH:6
BRF:0
BRH:0
end_of_record
TN:
SF:src\controllers\user.controller.ts
FN:8,(anonymous_7)
FN:23,(anonymous_9)
FN:37,(anonymous_11)
FN:45,(anonymous_13)
FN:62,(anonymous_15)
FN:76,(anonymous_17)
FNF:6
FNH:4
FNDA:3,(anonymous_7)
FNDA:1,(anonymous_9)
FNDA:0,(anonymous_11)
FNDA:0,(anonymous_13)
FNDA:2,(anonymous_15)
FNDA:4,(anonymous_17)
DA:4,10
DA:5,10
DA:9,3
DA:10,3
DA:13,1
DA:15,2
DA:16,1
DA:17,1
DA:19,1
DA:24,1
DA:25,1
DA:26,1
DA:27,1
DA:28,0
DA:29,0
DA:31,1
DA:33,0
DA:38,0
DA:39,0
DA:40,0
DA:42,0
DA:46,0
DA:47,0
DA:48,0
DA:52,0
DA:53,0
DA:54,0
DA:56,0
DA:58,0
DA:63,2
DA:64,2
DA:65,2
DA:66,1
DA:67,1
DA:68,1
DA:70,0
DA:72,1
DA:77,4
DA:78,4
DA:79,2
DA:82,2
DA:83,1
DA:84,1
DA:86,1
DA:91,10
LF:45
LH:29
BRDA:15,0,0,1
BRDA:27,1,0,0
BRDA:52,2,0,0
BRDA:66,3,0,1
BRDA:82,4,0,1
BRF:5
BRH:3
end_of_record
TN:
SF:src\exceptions\auth.exception.ts
FN:1,(anonymous_0)
FNF:1
FNH:1
FNDA:3,(anonymous_0)
DA:1,15
DA:2,3
DA:3,3
LF:3
LH:3
BRF:0
BRH:0
end_of_record
TN:
SF:src\exceptions\index.ts
FNF:0
FNH:0
DA:1,15
LF:1
LH:1
BRF:0
BRH:0
end_of_record
TN:
SF:src\middlewares\auth.middleware.ts
FN:4,(anonymous_9)
FN:28,(anonymous_10)
FN:29,(anonymous_11)
FN:31,(anonymous_12)
FNF:4
FNH:4
FNDA:16,(anonymous_9)
FNDA:26,(anonymous_10)
FNDA:1,(anonymous_11)
FNDA:2,(anonymous_12)
DA:2,5
DA:4,5
DA:5,16
DA:7,16
DA:8,8
DA:9,8
DA:12,8
DA:14,8
DA:15,8
DA:16,8
DA:17,8
DA:18,1
DA:20,7
DA:21,0
DA:22,0
DA:24,7
DA:28,5
DA:29,26
DA:30,1
DA:31,2
DA:32,0
DA:33,0
DA:35,1
LF:23
LH:19
BRDA:7,0,0,8
BRDA:15,1,0,8
BRDA:15,1,1,8
BRDA:20,2,0,0
BRDA:31,3,0,0
BRF:5
BRH:3
end_of_record
TN:
SF:src\middlewares\index.ts
FNF:0
FNH:0
DA:1,5
DA:2,5
LF:2
LH:2
BRF:0
BRH:0
end_of_record
TN:
SF:src\middlewares\validateSchema.middleware.ts
FN:4,(anonymous_7)
FN:5,(anonymous_8)
FN:5,(anonymous_9)
FNF:3
FNH:3
FNDA:10,(anonymous_7)
FNDA:1,(anonymous_8)
FNDA:1,(anonymous_9)
DA:4,5
DA:5,10
DA:6,1
DA:7,1
DA:8,1
DA:10,0
LF:6
LH:5
BRF:0
BRH:0
end_of_record
TN:
SF:src\models\candle.model.ts
FNF:0
FNH:0
DA:1,17
DA:12,17
DA:37,17
LF:3
LH:3
BRF:0
BRH:0
end_of_record
TN:
SF:src\models\cart.model.ts
FNF:0
FNH:0
DA:1,17
DA:9,17
DA:40,17
LF:3
LH:3
BRF:0
BRH:0
end_of_record
TN:
SF:src\models\container.model.ts
FNF:0
FNH:0
DA:1,17
DA:10,17
DA:23,17
LF:3
LH:3
BRF:0
BRH:0
end_of_record
TN:
SF:src\models\fragrance.model.ts
FNF:0
FNH:0
DA:1,17
DA:10,17
DA:19,17
LF:3
LH:3
BRF:0
BRH:0
end_of_record
TN:
SF:src\models\gift.model.ts
FNF:0
FNH:0
DA:1,16
DA:12,16
DA:22,16
LF:3
LH:3
BRF:0
BRH:0
end_of_record
TN:
SF:src\models\index.ts
FNF:0
FNH:0
DA:1,16
DA:2,16
DA:3,16
DA:4,16
DA:5,16
DA:6,16
LF:6
LH:6
BRF:0
BRH:0
end_of_record
TN:
SF:src\models\user.model.ts
FNF:0
FNH:0
DA:1,16
DA:10,16
DA:21,16
LF:3
LH:3
BRF:0
BRH:0
end_of_record
TN:
SF:src\routes\candle.route.ts
FNF:0
FNH:0
DA:1,1
DA:2,1
DA:3,1
DA:4,1
DA:6,1
DA:9,1
DA:17,1
DA:26,1
DA:34,1
DA:43,1
LF:10
LH:10
BRF:0
BRH:0
end_of_record
TN:
SF:src\routes\cart.route.ts
FNF:0
FNH:0
DA:1,1
DA:2,1
DA:3,1
DA:4,1
DA:6,1
DA:8,1
DA:15,1
DA:23,1
DA:30,1
DA:38,1
LF:10
LH:10
BRF:0
BRH:0
end_of_record
TN:
SF:src\routes\container.route.ts
FNF:0
FNH:0
DA:1,1
DA:2,1
DA:3,1
DA:4,1
DA:6,1
DA:9,1
DA:17,1
DA:26,1
DA:34,1
DA:43,1
LF:10
LH:10
BRF:0
BRH:0
end_of_record
TN:
SF:src\routes\fragrance.route.ts
FNF:0
FNH:0
DA:1,1
DA:2,1
DA:3,1
DA:4,1
DA:6,1
DA:9,1
DA:17,1
DA:26,1
DA:34,1
DA:43,1
LF:10
LH:10
BRF:0
BRH:0
end_of_record
TN:
SF:src\routes\user.route.ts
FNF:0
FNH:0
DA:1,1
DA:2,1
DA:3,1
DA:4,1
DA:6,1
DA:8,1
DA:10,1
DA:18,1
DA:25,1
DA:31,1
DA:33,1
DA:40,1
LF:12
LH:12
BRF:0
BRH:0
end_of_record
TN:
SF:src\schemas\candle.schema.ts
FN:17,(anonymous_0)
FNF:1
FNH:1
FNDA:1,(anonymous_0)
DA:1,7
DA:3,7
DA:17,1
LF:3
LH:3
BRF:0
BRH:0
end_of_record
TN:
SF:src\schemas\cart.schema.ts
FNF:0
FNH:0
DA:1,7
DA:3,7
DA:14,7
DA:25,7
LF:4
LH:4
BRF:0
BRH:0
end_of_record
TN:
SF:src\schemas\container.schema.ts
FNF:0
FNH:0
DA:1,7
DA:3,7
LF:2
LH:2
BRF:0
BRH:0
end_of_record
TN:
SF:src\schemas\fragrance.schema.ts
FNF:0
FNH:0
DA:1,7
DA:3,7
LF:2
LH:2
BRF:0
BRH:0
end_of_record
TN:
SF:src\schemas\gift.schema.ts
FNF:0
FNH:0
DA:1,6
DA:3,6
LF:2
LH:2
BRF:0
BRH:0
end_of_record
TN:
SF:src\schemas\index.ts
FNF:0
FNH:0
DA:1,6
DA:2,6
DA:3,6
DA:4,6
DA:5,6
DA:6,6
DA:7,6
LF:7
LH:7
BRF:0
BRH:0
end_of_record
TN:
SF:src\schemas\login.schema.ts
FNF:0
FNH:0
DA:1,6
DA:3,6
LF:2
LH:2
BRF:0
BRH:0
end_of_record
TN:
SF:src\schemas\user.schema.ts
FN:17,(anonymous_0)
FNF:1
FNH:1
FNDA:2,(anonymous_0)
DA:1,6
DA:3,6
DA:17,2
LF:3
LH:3
BRF:0
BRH:0
end_of_record
TN:
SF:src\services\candle.service.ts
FN:10,(anonymous_7)
FN:33,(anonymous_9)
FN:51,(anonymous_11)
FN:62,(anonymous_13)
FN:80,(anonymous_15)
FNF:5
FNH:4
FNDA:2,(anonymous_7)
FNDA:2,(anonymous_9)
FNDA:0,(anonymous_11)
FNDA:2,(anonymous_13)
FNDA:2,(anonymous_15)
DA:1,15
DA:6,15
DA:13,2
DA:15,2
DA:16,2
DA:19,1
DA:20,1
DA:22,1
DA:23,1
DA:25,1
DA:26,1
DA:28,1
DA:36,2
DA:37,2
DA:38,2
DA:39,1
DA:41,1
DA:43,1
DA:46,1
DA:52,0
DA:54,0
DA:55,0
DA:57,0
DA:66,2
DA:67,2
DA:72,2
DA:73,1
DA:75,1
DA:81,2
DA:82,2
DA:85,2
DA:86,1
DA:88,1
DA:93,15
LF:34
LH:30
BRDA:16,0,0,1
BRDA:20,1,0,0
BRDA:23,2,0,0
BRDA:38,3,0,1
BRDA:38,3,1,1
BRDA:72,4,0,1
BRDA:85,5,0,1
BRF:7
BRH:5
end_of_record
TN:
SF:src\services\cart.service.ts
FN:6,(anonymous_7)
FN:41,(anonymous_9)
FN:50,(anonymous_11)
FN:59,(anonymous_13)
FN:97,(anonymous_15)
FNF:5
FNH:3
FNDA:2,(anonymous_7)
FNDA:0,(anonymous_9)
FNDA:0,(anonymous_11)
FNDA:2,(anonymous_13)
FNDA:2,(anonymous_15)
DA:1,15
DA:3,15
DA:7,2
DA:9,2
DA:10,2
DA:11,1
DA:15,1
DA:16,1
DA:19,1
DA:20,0
DA:25,1
DA:26,0
DA:27,0
DA:28,0
DA:29,0
DA:34,1
DA:35,1
DA:37,1
DA:42,0
DA:43,0
DA:44,0
DA:46,0
DA:51,0
DA:52,0
DA:53,0
DA:55,0
DA:63,2
DA:65,2
DA:66,2
DA:67,2
DA:70,2
DA:71,1
DA:77,1
DA:78,0
DA:79,0
DA:80,0
DA:81,0
DA:86,1
DA:91,1
DA:93,1
DA:98,2
DA:99,2
DA:100,2
DA:102,0
DA:107,15
LF:45
LH:27
BRDA:10,0,0,1
BRDA:19,1,0,0
BRDA:25,2,0,0
BRDA:28,3,0,0
BRDA:65,4,0,2
BRDA:70,5,0,1
BRDA:77,6,0,0
BRDA:80,7,0,0
BRF:8
BRH:3
end_of_record
TN:
SF:src\services\container.service.ts
FN:5,(anonymous_7)
FN:14,(anonymous_9)
FN:23,(anonymous_11)
FN:32,(anonymous_13)
FN:45,(anonymous_15)
FNF:5
FNH:5
FNDA:1,(anonymous_7)
FNDA:1,(anonymous_9)
FNDA:2,(anonymous_11)
FNDA:2,(anonymous_13)
FNDA:2,(anonymous_15)
DA:1,15
DA:6,1
DA:7,1
DA:8,1
DA:10,0
DA:15,1
DA:16,1
DA:17,1
DA:19,0
DA:24,2
DA:25,2
DA:26,2
DA:28,0
DA:33,2
DA:34,2
DA:39,2
DA:41,0
DA:46,2
DA:47,2
DA:48,2
DA:50,0
DA:55,15
LF:22
LH:17
BRF:0
BRH:0
end_of_record
TN:
SF:src\services\fragrance.service.ts
FN:5,(anonymous_7)
FN:14,(anonymous_9)
FN:23,(anonymous_11)
FN:32,(anonymous_13)
FN:45,(anonymous_15)
FNF:5
FNH:5
FNDA:1,(anonymous_7)
FNDA:1,(anonymous_9)
FNDA:1,(anonymous_11)
FNDA:1,(anonymous_13)
FNDA:1,(anonymous_15)
DA:1,15
DA:6,1
DA:7,1
DA:8,1
DA:10,0
DA:15,1
DA:16,1
DA:17,1
DA:19,0
DA:24,1
DA:25,1
DA:26,1
DA:28,0
DA:33,1
DA:34,1
DA:39,1
DA:41,0
DA:46,1
DA:47,1
DA:48,1
DA:50,0
DA:55,15
LF:22
LH:17
BRF:0
BRH:0
end_of_record
TN:
SF:src\services\gift.service.ts
FN:5,(anonymous_7)
FN:14,(anonymous_9)
FN:23,(anonymous_11)
FN:32,(anonymous_13)
FN:45,(anonymous_15)
FNF:5
FNH:0
FNDA:0,(anonymous_7)
FNDA:0,(anonymous_9)
FNDA:0,(anonymous_11)
FNDA:0,(anonymous_13)
FNDA:0,(anonymous_15)
DA:1,15
DA:6,0
DA:7,0
DA:8,0
DA:10,0
DA:15,0
DA:16,0
DA:17,0
DA:19,0
DA:24,0
DA:25,0
DA:26,0
DA:28,0
DA:33,0
DA:34,0
DA:39,0
DA:41,0
DA:46,0
DA:47,0
DA:48,0
DA:50,0
DA:55,15
LF:22
LH:2
BRF:0
BRH:0
end_of_record
TN:
SF:src\services\index.ts
FNF:0
FNH:0
DA:1,15
DA:2,15
DA:3,15
DA:4,15
DA:5,15
DA:6,15
LF:6
LH:6
BRF:0
BRH:0
end_of_record
TN:
SF:src\services\user.service.ts
FN:13,(anonymous_8)
FN:31,(anonymous_10)
FN:40,(anonymous_12)
FN:49,(anonymous_14)
FN:58,(anonymous_16)
FN:75,(anonymous_18)
FN:84,(anonymous_20)
FN:117,(anonymous_22)
FNF:8
FNH:5
FNDA:3,(anonymous_8)
FNDA:7,(anonymous_10)
FNDA:0,(anonymous_12)
FNDA:3,(anonymous_14)
FNDA:0,(anonymous_16)
FNDA:0,(anonymous_18)
FNDA:4,(anonymous_20)
FNDA:1,(anonymous_22)
DA:1,15
DA:8,15
DA:9,15
DA:10,15
DA:14,3
DA:15,3
DA:18,3
DA:19,1
DA:21,2
DA:22,2
DA:24,2
DA:25,1
DA:27,2
DA:32,7
DA:33,7
DA:34,6
DA:36,1
DA:41,0
DA:42,0
DA:43,0
DA:45,0
DA:50,3
DA:51,3
DA:52,2
DA:54,1
DA:62,0
DA:63,0
DA:68,0
DA:69,0
DA:71,0
DA:76,0
DA:77,0
DA:78,0
DA:80,0
DA:87,4
DA:88,4
DA:91,3
DA:92,1
DA:94,2
DA:98,2
DA:99,1
DA:100,0
DA:102,1
DA:113,3
DA:118,1
DA:119,1
DA:132,0
DA:137,15
LF:48
LH:33
BRDA:18,0,0,1
BRDA:21,1,0,2
BRDA:68,2,0,0
BRDA:91,3,0,1
BRDA:98,4,0,1
BRDA:128,5,0,1
BRDA:128,5,1,0
BRF:7
BRH:5
end_of_record
